2023-10-12 10:37:08.661 +05:30 [INF] User profile is available. Using 'C:\Users\naveen.devendran\AppData\Local\ASP.NET\DataProtection-Keys' as key repository and Windows DPAPI to encrypt keys at rest.
2023-10-12 10:37:09.099 +05:30 [INF] Application started. Press Ctrl+C to shut down.
2023-10-12 10:37:09.106 +05:30 [INF] Hosting environment: Development
2023-10-12 10:37:09.115 +05:30 [INF] Content root path: D:\Assessment-Project\Appointment-Scheduling-App\Appointment_Scheduling_Application\Appointment_Scheduling_Application\
2023-10-12 10:37:09.152 +05:30 [INF] Request starting HTTP/1.1 GET http://localhost:54855/swagger/index.html - -
2023-10-12 10:37:10.025 +05:30 [WRN] Unable to configure browser refresh script injection on the response. Consider manually adding '<script src="/_framework/aspnetcore-browser-refresh.js"></script>' to the body of the page.
2023-10-12 10:37:10.041 +05:30 [INF] Request starting HTTP/1.1 GET http://localhost:54855/_vs/browserLink - -
2023-10-12 10:37:10.043 +05:30 [INF] Request finished HTTP/1.1 GET http://localhost:54855/swagger/index.html - - - 200 - text/html;charset=utf-8 899.5866ms
2023-10-12 10:37:10.214 +05:30 [INF] Request finished HTTP/1.1 GET http://localhost:54855/_vs/browserLink - - - 200 - text/javascript;+charset=UTF-8 172.3046ms
2023-10-12 10:37:10.884 +05:30 [INF] Request starting HTTP/1.1 GET http://localhost:54855/swagger/v1/swagger.json - -
2023-10-12 10:37:11.462 +05:30 [INF] Request finished HTTP/1.1 GET http://localhost:54855/swagger/v1/swagger.json - - - 200 - application/json;charset=utf-8 578.4479ms
2023-10-12 10:39:54.511 +05:30 [INF] Request starting HTTP/1.1 POST http://localhost:54855/api/Auth/GetToken application/json 38
2023-10-12 10:39:54.556 +05:30 [INF] CORS policy execution failed.
2023-10-12 10:39:54.557 +05:30 [INF] Request origin http://localhost:54855 does not have permission to access the resource.
2023-10-12 10:39:54.580 +05:30 [INF] Executing endpoint 'Appointment_Scheduling_Application.WebAPI.Auth.AuthController.GetToken (Appointment_Scheduling_Application.WebAPI)'
2023-10-12 10:39:54.759 +05:30 [INF] Route matched with {action = "GetToken", controller = "Auth"}. Executing controller action with signature System.Threading.Tasks.Task`1[Microsoft.AspNetCore.Mvc.IActionResult] GetToken(Appointment_Scheduling_Application.DTO.DTOs.EmailIdField) on controller Appointment_Scheduling_Application.WebAPI.Auth.AuthController (Appointment_Scheduling_Application.WebAPI).
2023-10-12 10:40:02.853 +05:30 [INF] Executing OkObjectResult, writing value of type 'System.String'.
2023-10-12 10:40:02.886 +05:30 [INF] Executed action Appointment_Scheduling_Application.WebAPI.Auth.AuthController.GetToken (Appointment_Scheduling_Application.WebAPI) in 8101.1614ms
2023-10-12 10:40:02.899 +05:30 [INF] Executed endpoint 'Appointment_Scheduling_Application.WebAPI.Auth.AuthController.GetToken (Appointment_Scheduling_Application.WebAPI)'
2023-10-12 10:40:02.936 +05:30 [INF] Request finished HTTP/1.1 POST http://localhost:54855/api/Auth/GetToken application/json 38 - 200 - text/plain;+charset=utf-8 8425.0186ms
2023-10-12 10:42:40.745 +05:30 [INF] Request starting HTTP/1.1 GET http://localhost:54855/swagger/index.html - -
2023-10-12 10:42:40.825 +05:30 [WRN] Unable to configure browser refresh script injection on the response. Consider manually adding '<script src="/_framework/aspnetcore-browser-refresh.js"></script>' to the body of the page.
2023-10-12 10:42:40.826 +05:30 [INF] Request finished HTTP/1.1 GET http://localhost:54855/swagger/index.html - - - 200 - text/html;charset=utf-8 81.1904ms
2023-10-12 10:42:40.846 +05:30 [INF] Request starting HTTP/1.1 GET http://localhost:54855/_vs/browserLink - -
2023-10-12 10:42:40.939 +05:30 [INF] Request finished HTTP/1.1 GET http://localhost:54855/_vs/browserLink - - - 200 - text/javascript;+charset=UTF-8 94.0518ms
2023-10-12 10:42:41.036 +05:30 [INF] Request starting HTTP/1.1 GET http://localhost:54855/swagger/v1/swagger.json - -
2023-10-12 10:42:41.076 +05:30 [INF] Request finished HTTP/1.1 GET http://localhost:54855/swagger/v1/swagger.json - - - 200 - application/json;charset=utf-8 40.7711ms
2023-10-12 10:49:06.818 +05:30 [INF] Request starting HTTP/1.1 POST http://localhost:54855/api/Auth/GetToken application/json 38
2023-10-12 10:49:06.826 +05:30 [INF] CORS policy execution failed.
2023-10-12 10:49:06.827 +05:30 [INF] Request origin http://localhost:54855 does not have permission to access the resource.
2023-10-12 10:49:06.829 +05:30 [INF] Executing endpoint 'Appointment_Scheduling_Application.WebAPI.Auth.AuthController.GetToken (Appointment_Scheduling_Application.WebAPI)'
2023-10-12 10:49:06.830 +05:30 [INF] Route matched with {action = "GetToken", controller = "Auth"}. Executing controller action with signature System.Threading.Tasks.Task`1[Microsoft.AspNetCore.Mvc.IActionResult] GetToken(Appointment_Scheduling_Application.DTO.DTOs.EmailIdField) on controller Appointment_Scheduling_Application.WebAPI.Auth.AuthController (Appointment_Scheduling_Application.WebAPI).
2023-10-12 10:49:07.080 +05:30 [INF] Executing OkObjectResult, writing value of type 'System.String'.
2023-10-12 10:49:07.082 +05:30 [INF] Executed action Appointment_Scheduling_Application.WebAPI.Auth.AuthController.GetToken (Appointment_Scheduling_Application.WebAPI) in 247.7237ms
2023-10-12 10:49:07.082 +05:30 [INF] Executed endpoint 'Appointment_Scheduling_Application.WebAPI.Auth.AuthController.GetToken (Appointment_Scheduling_Application.WebAPI)'
2023-10-12 10:49:07.083 +05:30 [INF] Request finished HTTP/1.1 POST http://localhost:54855/api/Auth/GetToken application/json 38 - 200 - text/plain;+charset=utf-8 265.5065ms
2023-10-12 18:24:45.588 +05:30 [INF] User profile is available. Using 'C:\Users\naveen.devendran\AppData\Local\ASP.NET\DataProtection-Keys' as key repository and Windows DPAPI to encrypt keys at rest.
2023-10-12 18:24:46.122 +05:30 [INF] Application started. Press Ctrl+C to shut down.
2023-10-12 18:24:46.131 +05:30 [INF] Hosting environment: Development
2023-10-12 18:24:46.139 +05:30 [INF] Content root path: D:\Assessment-Project\Appointment-Scheduling-App\Appointment_Scheduling_Application\Appointment_Scheduling_Application\
2023-10-12 18:24:46.198 +05:30 [INF] Request starting HTTP/1.1 GET http://localhost:54855/swagger/index.html - -
2023-10-12 18:24:47.379 +05:30 [INF] Request starting HTTP/1.1 GET http://localhost:54855/_vs/browserLink - -
2023-10-12 18:24:47.435 +05:30 [WRN] Unable to configure browser refresh script injection on the response. Consider manually adding '<script src="/_framework/aspnetcore-browser-refresh.js"></script>' to the body of the page.
2023-10-12 18:24:47.451 +05:30 [INF] Request finished HTTP/1.1 GET http://localhost:54855/swagger/index.html - - - 200 - text/html;charset=utf-8 1263.7130ms
2023-10-12 18:24:47.595 +05:30 [INF] Request finished HTTP/1.1 GET http://localhost:54855/_vs/browserLink - - - 200 - text/javascript;+charset=UTF-8 213.9607ms
2023-10-12 18:24:47.685 +05:30 [INF] Request starting HTTP/1.1 GET http://localhost:54855/swagger/v1/swagger.json - -
2023-10-12 18:24:48.109 +05:30 [INF] Request finished HTTP/1.1 GET http://localhost:54855/swagger/v1/swagger.json - - - 200 - application/json;charset=utf-8 423.2400ms
2023-10-12 18:27:34.926 +05:30 [INF] Request starting HTTP/1.1 OPTIONS http://localhost:54855/api/Appointment/CreateandUpdateAppointment - -
2023-10-12 18:27:35.018 +05:30 [INF] CORS policy execution successful.
2023-10-12 18:27:35.027 +05:30 [INF] Request finished HTTP/1.1 OPTIONS http://localhost:54855/api/Appointment/CreateandUpdateAppointment - - - 204 - - 101.4413ms
2023-10-12 18:27:35.041 +05:30 [INF] Request starting HTTP/1.1 POST http://localhost:54855/api/Appointment/CreateandUpdateAppointment application/json 205
2023-10-12 18:27:35.042 +05:30 [INF] CORS policy execution successful.
2023-10-12 18:27:35.361 +05:30 [INF] Authorization failed. These requirements were not met:
DenyAnonymousAuthorizationRequirement: Requires an authenticated user.
2023-10-12 18:27:35.385 +05:30 [INF] AuthenticationScheme: Bearer was challenged.
2023-10-12 18:27:35.390 +05:30 [INF] Request finished HTTP/1.1 POST http://localhost:54855/api/Appointment/CreateandUpdateAppointment application/json 205 - 401 - - 348.2887ms
2023-10-12 18:29:04.174 +05:30 [INF] Request starting HTTP/1.1 POST http://localhost:54855/api/User/CreateUser multipart/form-data;+boundary=----WebKitFormBoundaryhwCFdAJ6wKAOBpMN 197840
2023-10-12 18:29:04.203 +05:30 [INF] CORS policy execution failed.
2023-10-12 18:29:04.212 +05:30 [INF] Request origin http://localhost:54855 does not have permission to access the resource.
2023-10-12 18:29:04.230 +05:30 [INF] Executing endpoint 'Appointment_Scheduling_Application.WebAPI.Controllers.UserController.CreateUser (Appointment_Scheduling_Application.WebAPI)'
2023-10-12 18:29:04.359 +05:30 [INF] Route matched with {action = "CreateUser", controller = "User"}. Executing controller action with signature System.Threading.Tasks.Task`1[Microsoft.AspNetCore.Mvc.ActionResult`1[System.Boolean]] CreateUser(Appointment_Scheduling_Application.DTOs.DTOs.UserCreateModel) on controller Appointment_Scheduling_Application.WebAPI.Controllers.UserController (Appointment_Scheduling_Application.WebAPI).
2023-10-12 18:29:14.388 +05:30 [INF] Executing OkObjectResult, writing value of type 'System.Boolean'.
2023-10-12 18:29:14.423 +05:30 [INF] Executed action Appointment_Scheduling_Application.WebAPI.Controllers.UserController.CreateUser (Appointment_Scheduling_Application.WebAPI) in 10038.1841ms
2023-10-12 18:29:14.431 +05:30 [INF] Executed endpoint 'Appointment_Scheduling_Application.WebAPI.Controllers.UserController.CreateUser (Appointment_Scheduling_Application.WebAPI)'
2023-10-12 18:29:14.466 +05:30 [INF] Request finished HTTP/1.1 POST http://localhost:54855/api/User/CreateUser multipart/form-data;+boundary=----WebKitFormBoundaryhwCFdAJ6wKAOBpMN 197840 - 200 - application/json;+charset=utf-8 10292.3246ms
2023-10-12 18:29:22.323 +05:30 [INF] Request starting HTTP/1.1 POST http://localhost:54855/api/Auth/GetToken application/json 38
2023-10-12 18:29:22.324 +05:30 [INF] CORS policy execution failed.
2023-10-12 18:29:22.324 +05:30 [INF] Request origin http://localhost:54855 does not have permission to access the resource.
2023-10-12 18:29:22.324 +05:30 [INF] Executing endpoint 'Appointment_Scheduling_Application.WebAPI.Auth.AuthController.GetToken (Appointment_Scheduling_Application.WebAPI)'
2023-10-12 18:29:22.330 +05:30 [INF] Route matched with {action = "GetToken", controller = "Auth"}. Executing controller action with signature System.Threading.Tasks.Task`1[Microsoft.AspNetCore.Mvc.IActionResult] GetToken(Appointment_Scheduling_Application.DTO.DTOs.EmailIdField) on controller Appointment_Scheduling_Application.WebAPI.Auth.AuthController (Appointment_Scheduling_Application.WebAPI).
2023-10-12 18:29:23.128 +05:30 [INF] Executing OkObjectResult, writing value of type 'System.String'.
2023-10-12 18:29:23.130 +05:30 [INF] Executed action Appointment_Scheduling_Application.WebAPI.Auth.AuthController.GetToken (Appointment_Scheduling_Application.WebAPI) in 799.3145ms
2023-10-12 18:29:23.130 +05:30 [INF] Executed endpoint 'Appointment_Scheduling_Application.WebAPI.Auth.AuthController.GetToken (Appointment_Scheduling_Application.WebAPI)'
2023-10-12 18:29:23.131 +05:30 [INF] Request finished HTTP/1.1 POST http://localhost:54855/api/Auth/GetToken application/json 38 - 200 - text/plain;+charset=utf-8 808.2599ms
2023-10-12 18:29:40.430 +05:30 [INF] Request starting HTTP/1.1 OPTIONS http://localhost:54855/api/Appointment/CreateandUpdateAppointment - -
2023-10-12 18:29:40.433 +05:30 [INF] CORS policy execution successful.
2023-10-12 18:29:40.434 +05:30 [INF] Request finished HTTP/1.1 OPTIONS http://localhost:54855/api/Appointment/CreateandUpdateAppointment - - - 204 - - 4.0500ms
2023-10-12 18:29:40.446 +05:30 [INF] Request starting HTTP/1.1 POST http://localhost:54855/api/Appointment/CreateandUpdateAppointment application/json 205
2023-10-12 18:29:40.446 +05:30 [INF] CORS policy execution successful.
2023-10-12 18:29:40.449 +05:30 [INF] Authorization failed. These requirements were not met:
DenyAnonymousAuthorizationRequirement: Requires an authenticated user.
2023-10-12 18:29:40.462 +05:30 [INF] AuthenticationScheme: Bearer was challenged.
2023-10-12 18:29:40.464 +05:30 [INF] Request finished HTTP/1.1 POST http://localhost:54855/api/Appointment/CreateandUpdateAppointment application/json 205 - 401 - - 18.3154ms
2023-10-12 18:30:08.543 +05:30 [INF] Request starting HTTP/1.1 OPTIONS http://localhost:54855/api/Appointment/CreateandUpdateAppointment - -
2023-10-12 18:30:08.545 +05:30 [INF] CORS policy execution successful.
2023-10-12 18:30:08.546 +05:30 [INF] Request finished HTTP/1.1 OPTIONS http://localhost:54855/api/Appointment/CreateandUpdateAppointment - - - 204 - - 3.3365ms
2023-10-12 18:30:08.553 +05:30 [INF] Request starting HTTP/1.1 POST http://localhost:54855/api/Appointment/CreateandUpdateAppointment application/json 205
2023-10-12 18:30:08.557 +05:30 [INF] CORS policy execution successful.
2023-10-12 18:30:08.569 +05:30 [INF] Authorization failed. These requirements were not met:
DenyAnonymousAuthorizationRequirement: Requires an authenticated user.
2023-10-12 18:30:08.569 +05:30 [INF] AuthenticationScheme: Bearer was challenged.
2023-10-12 18:30:08.579 +05:30 [INF] Request finished HTTP/1.1 POST http://localhost:54855/api/Appointment/CreateandUpdateAppointment application/json 205 - 401 - - 25.2383ms
2023-10-12 18:30:46.479 +05:30 [INF] Request starting HTTP/1.1 GET http://localhost:54855/api/Appointment/GetByEmail?UserId=1 - -
2023-10-12 18:30:46.797 +05:30 [INF] Executing endpoint 'Appointment_Scheduling_Application.WebAPI.Controllers.AppointmentController.GetByEmail (Appointment_Scheduling_Application.WebAPI)'
2023-10-12 18:30:46.805 +05:30 [INF] Route matched with {action = "GetByEmail", controller = "Appointment"}. Executing controller action with signature System.Threading.Tasks.Task`1[Microsoft.AspNetCore.Mvc.ActionResult`1[System.Collections.Generic.List`1[Appointment_Scheduling_Application.Entitie.Model.AppointmentModel]]] GetByEmail(Int32) on controller Appointment_Scheduling_Application.WebAPI.Controllers.AppointmentController (Appointment_Scheduling_Application.WebAPI).
2023-10-12 18:30:46.918 +05:30 [INF] Executing OkObjectResult, writing value of type 'System.Collections.Generic.List`1[[Appointment_Scheduling_Application.Entitie.Model.AppointmentModel, Appointment_Scheduling_Application.Entitie, Version=1.0.0.0, Culture=neutral, PublicKeyToken=null]]'.
2023-10-12 18:30:46.931 +05:30 [INF] Executed action Appointment_Scheduling_Application.WebAPI.Controllers.AppointmentController.GetByEmail (Appointment_Scheduling_Application.WebAPI) in 126.1196ms
2023-10-12 18:30:46.932 +05:30 [INF] Executed endpoint 'Appointment_Scheduling_Application.WebAPI.Controllers.AppointmentController.GetByEmail (Appointment_Scheduling_Application.WebAPI)'
2023-10-12 18:30:46.935 +05:30 [INF] Request finished HTTP/1.1 GET http://localhost:54855/api/Appointment/GetByEmail?UserId=1 - - - 200 - application/json;+charset=utf-8 455.4484ms
2023-10-12 18:33:20.574 +05:30 [INF] Request starting HTTP/1.1 OPTIONS http://localhost:54855/api/Appointment/CreateandUpdateAppointment - -
2023-10-12 18:33:20.574 +05:30 [INF] CORS policy execution successful.
2023-10-12 18:33:20.575 +05:30 [INF] Request finished HTTP/1.1 OPTIONS http://localhost:54855/api/Appointment/CreateandUpdateAppointment - - - 204 - - 1.2343ms
2023-10-12 18:33:20.577 +05:30 [INF] Request starting HTTP/1.1 POST http://localhost:54855/api/Appointment/CreateandUpdateAppointment application/json 205
2023-10-12 18:33:20.577 +05:30 [INF] CORS policy execution successful.
2023-10-12 18:33:20.578 +05:30 [INF] Authorization failed. These requirements were not met:
DenyAnonymousAuthorizationRequirement: Requires an authenticated user.
2023-10-12 18:33:20.578 +05:30 [INF] AuthenticationScheme: Bearer was challenged.
2023-10-12 18:33:20.579 +05:30 [INF] Request finished HTTP/1.1 POST http://localhost:54855/api/Appointment/CreateandUpdateAppointment application/json 205 - 401 - - 1.5988ms
2023-10-12 18:35:24.513 +05:30 [INF] Request starting HTTP/1.1 OPTIONS http://localhost:54855/api/Appointment/CreateandUpdateAppointment - -
2023-10-12 18:35:24.513 +05:30 [INF] CORS policy execution successful.
2023-10-12 18:35:24.514 +05:30 [INF] Request finished HTTP/1.1 OPTIONS http://localhost:54855/api/Appointment/CreateandUpdateAppointment - - - 204 - - 0.9569ms
2023-10-12 18:35:24.516 +05:30 [INF] Request starting HTTP/1.1 POST http://localhost:54855/api/Appointment/CreateandUpdateAppointment application/json 205
2023-10-12 18:35:24.516 +05:30 [INF] CORS policy execution successful.
2023-10-12 18:35:24.517 +05:30 [INF] Bearer was not authenticated. Failure message: No SecurityTokenValidator available for token.
2023-10-12 18:35:24.517 +05:30 [INF] Authorization failed. These requirements were not met:
DenyAnonymousAuthorizationRequirement: Requires an authenticated user.
2023-10-12 18:35:24.521 +05:30 [INF] AuthenticationScheme: Bearer was challenged.
2023-10-12 18:35:24.525 +05:30 [INF] Request finished HTTP/1.1 POST http://localhost:54855/api/Appointment/CreateandUpdateAppointment application/json 205 - 401 - - 8.7248ms
2023-10-12 18:36:22.775 +05:30 [INF] Request starting HTTP/1.1 OPTIONS http://localhost:54855/api/Appointment/CreateandUpdateAppointment - -
2023-10-12 18:36:22.775 +05:30 [INF] CORS policy execution successful.
2023-10-12 18:36:22.776 +05:30 [INF] Request finished HTTP/1.1 OPTIONS http://localhost:54855/api/Appointment/CreateandUpdateAppointment - - - 204 - - 0.8414ms
2023-10-12 18:36:22.779 +05:30 [INF] Request starting HTTP/1.1 POST http://localhost:54855/api/Appointment/CreateandUpdateAppointment application/json 205
2023-10-12 18:36:22.779 +05:30 [INF] CORS policy execution successful.
2023-10-12 18:36:22.780 +05:30 [INF] Executing endpoint 'Appointment_Scheduling_Application.WebAPI.Controllers.AppointmentController.CreateandUpdateAppointment (Appointment_Scheduling_Application.WebAPI)'
2023-10-12 18:36:22.789 +05:30 [INF] Route matched with {action = "CreateandUpdateAppointment", controller = "Appointment"}. Executing controller action with signature System.Threading.Tasks.Task`1[Microsoft.AspNetCore.Mvc.ActionResult`1[System.Boolean]] CreateandUpdateAppointment(Appointment_Scheduling_Application.Entitie.Model.AppointmentModel) on controller Appointment_Scheduling_Application.WebAPI.Controllers.AppointmentController (Appointment_Scheduling_Application.WebAPI).
2023-10-12 18:36:33.893 +05:30 [INF] Executing OkObjectResult, writing value of type 'System.Boolean'.
2023-10-12 18:36:33.894 +05:30 [INF] Executed action Appointment_Scheduling_Application.WebAPI.Controllers.AppointmentController.CreateandUpdateAppointment (Appointment_Scheduling_Application.WebAPI) in 11104.849ms
2023-10-12 18:36:33.894 +05:30 [INF] Executed endpoint 'Appointment_Scheduling_Application.WebAPI.Controllers.AppointmentController.CreateandUpdateAppointment (Appointment_Scheduling_Application.WebAPI)'
2023-10-12 18:36:33.894 +05:30 [INF] Request finished HTTP/1.1 POST http://localhost:54855/api/Appointment/CreateandUpdateAppointment application/json 205 - 200 - application/json;+charset=utf-8 11115.2046ms
