2023-10-09 17:14:13.766 +05:30 [INF] User profile is available. Using 'C:\Users\naveen.devendran\AppData\Local\ASP.NET\DataProtection-Keys' as key repository and Windows DPAPI to encrypt keys at rest.
2023-10-09 17:14:14.506 +05:30 [INF] Application started. Press Ctrl+C to shut down.
2023-10-09 17:14:14.521 +05:30 [INF] Hosting environment: Development
2023-10-09 17:14:14.526 +05:30 [INF] Content root path: D:\Assessment-Project\Appointment-Scheduling-App\Appointment_Scheduling_Application\Appointment_Scheduling_Application\
2023-10-09 17:14:14.594 +05:30 [INF] Request starting HTTP/1.1 GET http://localhost:54855/swagger/index.html - -
2023-10-09 17:14:15.871 +05:30 [INF] Request starting HTTP/1.1 GET http://localhost:54855/_vs/browserLink - -
2023-10-09 17:14:15.924 +05:30 [WRN] Unable to configure browser refresh script injection on the response. Consider manually adding '<script src="/_framework/aspnetcore-browser-refresh.js"></script>' to the body of the page.
2023-10-09 17:14:15.938 +05:30 [INF] Request finished HTTP/1.1 GET http://localhost:54855/swagger/index.html - - - 200 - text/html;charset=utf-8 1360.9964ms
2023-10-09 17:14:16.076 +05:30 [INF] Request finished HTTP/1.1 GET http://localhost:54855/_vs/browserLink - - - 200 - text/javascript;+charset=UTF-8 204.2776ms
2023-10-09 17:14:16.275 +05:30 [INF] Request starting HTTP/1.1 GET http://localhost:54855/swagger/v1/swagger.json - -
2023-10-09 17:14:16.768 +05:30 [INF] Request finished HTTP/1.1 GET http://localhost:54855/swagger/v1/swagger.json - - - 200 - application/json;charset=utf-8 492.5068ms
2023-10-09 17:15:16.852 +05:30 [INF] Request starting HTTP/1.1 POST http://localhost:54855/api/Auth/GetToken application/json 38
2023-10-09 17:15:16.936 +05:30 [INF] CORS policy execution failed.
2023-10-09 17:15:16.936 +05:30 [INF] Request origin http://localhost:54855 does not have permission to access the resource.
2023-10-09 17:15:16.965 +05:30 [INF] Executing endpoint 'Appointment_Scheduling_Application.WebAPI.Auth.AuthController.GetToken (Appointment_Scheduling_Application.WebAPI)'
2023-10-09 17:15:17.113 +05:30 [INF] Route matched with {action = "GetToken", controller = "Auth"}. Executing controller action with signature System.Threading.Tasks.Task`1[Microsoft.AspNetCore.Mvc.IActionResult] GetToken(Appointment_Scheduling_Application.DTO.DTOs.EmailIdField) on controller Appointment_Scheduling_Application.WebAPI.Auth.AuthController (Appointment_Scheduling_Application.WebAPI).
2023-10-09 17:15:26.399 +05:30 [INF] Executing OkObjectResult, writing value of type 'System.String'.
2023-10-09 17:15:26.432 +05:30 [INF] Executed action Appointment_Scheduling_Application.WebAPI.Auth.AuthController.GetToken (Appointment_Scheduling_Application.WebAPI) in 9292.9917ms
2023-10-09 17:15:26.443 +05:30 [INF] Executed endpoint 'Appointment_Scheduling_Application.WebAPI.Auth.AuthController.GetToken (Appointment_Scheduling_Application.WebAPI)'
2023-10-09 17:15:26.475 +05:30 [INF] Request finished HTTP/1.1 POST http://localhost:54855/api/Auth/GetToken application/json 38 - 200 - text/plain;+charset=utf-8 9622.1347ms
2023-10-09 17:15:50.729 +05:30 [INF] Request starting HTTP/1.1 GET http://localhost:54855/api/User/GetAllUser - -
2023-10-09 17:15:51.027 +05:30 [INF] Bearer was not authenticated. Failure message: No SecurityTokenValidator available for token.
2023-10-09 17:15:51.044 +05:30 [INF] Authorization failed. These requirements were not met:
DenyAnonymousAuthorizationRequirement: Requires an authenticated user.
2023-10-09 17:15:51.079 +05:30 [INF] AuthenticationScheme: Bearer was challenged.
2023-10-09 17:15:51.088 +05:30 [INF] Request finished HTTP/1.1 GET http://localhost:54855/api/User/GetAllUser - - - 401 - - 359.8806ms
2023-10-09 17:17:17.885 +05:30 [INF] Request starting HTTP/1.1 GET http://localhost:54855/api/User/GetAllUser - -
2023-10-09 17:17:17.922 +05:30 [INF] Bearer was not authenticated. Failure message: No SecurityTokenValidator available for token.
2023-10-09 17:17:17.923 +05:30 [INF] Authorization failed. These requirements were not met:
DenyAnonymousAuthorizationRequirement: Requires an authenticated user.
2023-10-09 17:17:17.926 +05:30 [INF] AuthenticationScheme: Bearer was challenged.
2023-10-09 17:17:17.928 +05:30 [INF] Request finished HTTP/1.1 GET http://localhost:54855/api/User/GetAllUser - - - 401 - - 46.8933ms
2023-10-09 17:17:39.361 +05:30 [INF] Request starting HTTP/1.1 GET http://localhost:54855/api/User/GetAllUser - -
2023-10-09 17:17:39.381 +05:30 [INF] Bearer was not authenticated. Failure message: No SecurityTokenValidator available for token.
2023-10-09 17:17:39.381 +05:30 [INF] Authorization failed. These requirements were not met:
DenyAnonymousAuthorizationRequirement: Requires an authenticated user.
2023-10-09 17:17:39.382 +05:30 [INF] AuthenticationScheme: Bearer was challenged.
2023-10-09 17:17:39.383 +05:30 [INF] Request finished HTTP/1.1 GET http://localhost:54855/api/User/GetAllUser - - - 401 - - 21.9885ms
2023-10-09 17:17:56.277 +05:30 [INF] Request starting HTTP/1.1 GET http://localhost:54855/api/User/GetAllUser - -
2023-10-09 17:17:56.529 +05:30 [INF] Executing endpoint 'Appointment_Scheduling_Application.WebAPI.Controllers.UserController.GetAllUser (Appointment_Scheduling_Application.WebAPI)'
2023-10-09 17:17:56.538 +05:30 [INF] Route matched with {action = "GetAllUser", controller = "User"}. Executing controller action with signature System.Threading.Tasks.Task`1[Microsoft.AspNetCore.Mvc.ActionResult] GetAllUser() on controller Appointment_Scheduling_Application.WebAPI.Controllers.UserController (Appointment_Scheduling_Application.WebAPI).
2023-10-09 17:17:57.197 +05:30 [INF] Executing OkObjectResult, writing value of type 'System.Collections.Generic.List`1[[Appointment_Scheduling_Application.DTOs.DTOs.UserViewModel, Appointment_Scheduling_Application.DTO, Version=1.0.0.0, Culture=neutral, PublicKeyToken=null]]'.
2023-10-09 17:17:57.221 +05:30 [INF] Executed action Appointment_Scheduling_Application.WebAPI.Controllers.UserController.GetAllUser (Appointment_Scheduling_Application.WebAPI) in 682.3444ms
2023-10-09 17:17:57.221 +05:30 [INF] Executed endpoint 'Appointment_Scheduling_Application.WebAPI.Controllers.UserController.GetAllUser (Appointment_Scheduling_Application.WebAPI)'
2023-10-09 17:17:57.228 +05:30 [INF] Request finished HTTP/1.1 GET http://localhost:54855/api/User/GetAllUser - - - 200 - application/json;+charset=utf-8 950.4069ms
2023-10-09 17:29:16.202 +05:30 [INF] User profile is available. Using 'C:\Users\naveen.devendran\AppData\Local\ASP.NET\DataProtection-Keys' as key repository and Windows DPAPI to encrypt keys at rest.
2023-10-09 17:29:16.596 +05:30 [INF] Application started. Press Ctrl+C to shut down.
2023-10-09 17:29:16.606 +05:30 [INF] Hosting environment: Development
2023-10-09 17:29:16.608 +05:30 [INF] Content root path: D:\Assessment-Project\Appointment-Scheduling-App\Appointment_Scheduling_Application\Appointment_Scheduling_Application\
2023-10-09 17:29:16.658 +05:30 [INF] Request starting HTTP/1.1 GET http://localhost:54855/swagger/index.html - -
2023-10-09 17:29:17.446 +05:30 [INF] Request starting HTTP/1.1 GET http://localhost:54855/_vs/browserLink - -
2023-10-09 17:29:17.494 +05:30 [WRN] Unable to configure browser refresh script injection on the response. Consider manually adding '<script src="/_framework/aspnetcore-browser-refresh.js"></script>' to the body of the page.
2023-10-09 17:29:17.505 +05:30 [INF] Request finished HTTP/1.1 GET http://localhost:54855/swagger/index.html - - - 200 - text/html;charset=utf-8 855.8201ms
2023-10-09 17:29:17.605 +05:30 [INF] Request finished HTTP/1.1 GET http://localhost:54855/_vs/browserLink - - - 200 - text/javascript;+charset=UTF-8 158.8486ms
2023-10-09 17:29:17.652 +05:30 [INF] Request starting HTTP/1.1 GET http://localhost:54855/swagger/v1/swagger.json - -
2023-10-09 17:29:18.107 +05:30 [INF] Request finished HTTP/1.1 GET http://localhost:54855/swagger/v1/swagger.json - - - 200 - application/json;charset=utf-8 454.6569ms
2023-10-09 17:29:40.496 +05:30 [INF] Request starting HTTP/1.1 POST http://localhost:54855/api/Auth/GetToken application/json 38
2023-10-09 17:29:40.564 +05:30 [INF] CORS policy execution failed.
2023-10-09 17:29:40.565 +05:30 [INF] Request origin http://localhost:54855 does not have permission to access the resource.
2023-10-09 17:29:40.585 +05:30 [INF] Executing endpoint 'Appointment_Scheduling_Application.WebAPI.Auth.AuthController.GetToken (Appointment_Scheduling_Application.WebAPI)'
2023-10-09 17:29:40.723 +05:30 [INF] Route matched with {action = "GetToken", controller = "Auth"}. Executing controller action with signature System.Threading.Tasks.Task`1[Microsoft.AspNetCore.Mvc.IActionResult] GetToken(Appointment_Scheduling_Application.DTO.DTOs.EmailIdField) on controller Appointment_Scheduling_Application.WebAPI.Auth.AuthController (Appointment_Scheduling_Application.WebAPI).
2023-10-09 17:29:49.688 +05:30 [INF] Executing OkObjectResult, writing value of type 'System.String'.
2023-10-09 17:29:49.714 +05:30 [INF] Executed action Appointment_Scheduling_Application.WebAPI.Auth.AuthController.GetToken (Appointment_Scheduling_Application.WebAPI) in 8970.7086ms
2023-10-09 17:29:49.723 +05:30 [INF] Executed endpoint 'Appointment_Scheduling_Application.WebAPI.Auth.AuthController.GetToken (Appointment_Scheduling_Application.WebAPI)'
2023-10-09 17:29:49.754 +05:30 [INF] Request finished HTTP/1.1 POST http://localhost:54855/api/Auth/GetToken application/json 38 - 200 - text/plain;+charset=utf-8 9258.8098ms
2023-10-09 17:30:17.368 +05:30 [INF] Request starting HTTP/1.1 GET http://localhost:54855/api/User/GetAllUser - -
2023-10-09 17:30:17.928 +05:30 [INF] Executing endpoint 'Appointment_Scheduling_Application.WebAPI.Controllers.UserController.GetAllUser (Appointment_Scheduling_Application.WebAPI)'
2023-10-09 17:30:17.939 +05:30 [INF] Route matched with {action = "GetAllUser", controller = "User"}. Executing controller action with signature System.Threading.Tasks.Task`1[Microsoft.AspNetCore.Mvc.ActionResult] GetAllUser() on controller Appointment_Scheduling_Application.WebAPI.Controllers.UserController (Appointment_Scheduling_Application.WebAPI).
2023-10-09 17:30:18.536 +05:30 [INF] Executing OkObjectResult, writing value of type 'System.Collections.Generic.List`1[[Appointment_Scheduling_Application.DTOs.DTOs.UserViewModel, Appointment_Scheduling_Application.DTO, Version=1.0.0.0, Culture=neutral, PublicKeyToken=null]]'.
2023-10-09 17:30:18.558 +05:30 [INF] Executed action Appointment_Scheduling_Application.WebAPI.Controllers.UserController.GetAllUser (Appointment_Scheduling_Application.WebAPI) in 618.613ms
2023-10-09 17:30:18.558 +05:30 [INF] Executed endpoint 'Appointment_Scheduling_Application.WebAPI.Controllers.UserController.GetAllUser (Appointment_Scheduling_Application.WebAPI)'
2023-10-09 17:30:18.564 +05:30 [INF] Request finished HTTP/1.1 GET http://localhost:54855/api/User/GetAllUser - - - 200 - application/json;+charset=utf-8 1196.8106ms
