2023-10-27 11:54:15.497 +05:30 [INF] User profile is available. Using 'C:\Users\naveen.devendran\AppData\Local\ASP.NET\DataProtection-Keys' as key repository and Windows DPAPI to encrypt keys at rest.
2023-10-27 11:54:15.775 +05:30 [INF] Application started. Press Ctrl+C to shut down.
2023-10-27 11:54:15.778 +05:30 [INF] Hosting environment: Development
2023-10-27 11:54:15.779 +05:30 [INF] Content root path: D:\Assessment-Project\Appointment-Scheduling-App\Appointment_Scheduling_Application\Appointment_Scheduling_Application\
2023-10-27 11:54:15.808 +05:30 [INF] Request starting HTTP/1.1 GET http://localhost:54855/swagger/index.html - -
2023-10-27 11:54:16.834 +05:30 [INF] Request starting HTTP/1.1 GET http://localhost:54855/_vs/browserLink - -
2023-10-27 11:54:16.846 +05:30 [WRN] Unable to configure browser refresh script injection on the response. Consider manually adding '<script src="/_framework/aspnetcore-browser-refresh.js"></script>' to the body of the page.
2023-10-27 11:54:16.854 +05:30 [INF] Request finished HTTP/1.1 GET http://localhost:54855/swagger/index.html - - - 200 - text/html;charset=utf-8 1048.7831ms
2023-10-27 11:54:16.978 +05:30 [INF] Request finished HTTP/1.1 GET http://localhost:54855/_vs/browserLink - - - 200 - text/javascript;+charset=UTF-8 144.1347ms
2023-10-27 11:54:17.262 +05:30 [INF] Request starting HTTP/1.1 GET http://localhost:54855/swagger/v1/swagger.json - -
2023-10-27 11:54:17.620 +05:30 [INF] Request finished HTTP/1.1 GET http://localhost:54855/swagger/v1/swagger.json - - - 200 - application/json;charset=utf-8 356.8353ms
2023-10-27 12:25:51.900 +05:30 [INF] Request starting HTTP/1.1 GET http://localhost:54855/swagger/index.html - -
2023-10-27 12:25:51.917 +05:30 [WRN] Unable to configure browser refresh script injection on the response. Consider manually adding '<script src="/_framework/aspnetcore-browser-refresh.js"></script>' to the body of the page.
2023-10-27 12:25:51.918 +05:30 [INF] Request finished HTTP/1.1 GET http://localhost:54855/swagger/index.html - - - 200 - text/html;charset=utf-8 17.3487ms
2023-10-27 12:25:52.061 +05:30 [INF] Request starting HTTP/1.1 GET http://localhost:54855/_vs/browserLink - -
2023-10-27 12:25:52.117 +05:30 [INF] Request finished HTTP/1.1 GET http://localhost:54855/_vs/browserLink - - - 200 - text/javascript;+charset=UTF-8 55.5873ms
2023-10-27 12:25:52.197 +05:30 [INF] Request starting HTTP/1.1 GET http://localhost:54855/swagger/v1/swagger.json - -
2023-10-27 12:25:52.216 +05:30 [INF] Request finished HTTP/1.1 GET http://localhost:54855/swagger/v1/swagger.json - - - 200 - application/json;charset=utf-8 18.3760ms
2023-10-27 16:44:31.857 +05:30 [INF] User profile is available. Using 'C:\Users\naveen.devendran\AppData\Local\ASP.NET\DataProtection-Keys' as key repository and Windows DPAPI to encrypt keys at rest.
2023-10-27 16:44:32.352 +05:30 [INF] Application started. Press Ctrl+C to shut down.
2023-10-27 16:44:32.362 +05:30 [INF] Hosting environment: Development
2023-10-27 16:44:32.366 +05:30 [INF] Content root path: D:\Assessment-Project\Appointment-Scheduling-App\Appointment_Scheduling_Application\Appointment_Scheduling_Application\
2023-10-27 16:44:32.407 +05:30 [INF] Request starting HTTP/1.1 GET http://localhost:54855/swagger/index.html - -
2023-10-27 16:44:32.941 +05:30 [WRN] Unable to configure browser refresh script injection on the response. Consider manually adding '<script src="/_framework/aspnetcore-browser-refresh.js"></script>' to the body of the page.
2023-10-27 16:44:32.946 +05:30 [INF] Request finished HTTP/1.1 GET http://localhost:54855/swagger/index.html - - - 200 - text/html;charset=utf-8 549.2804ms
2023-10-27 16:44:32.970 +05:30 [INF] Request starting HTTP/1.1 GET http://localhost:54855/_vs/browserLink - -
2023-10-27 16:44:33.080 +05:30 [INF] Request finished HTTP/1.1 GET http://localhost:54855/_vs/browserLink - - - 200 - text/javascript;+charset=UTF-8 109.5171ms
2023-10-27 16:44:33.294 +05:30 [INF] Request starting HTTP/1.1 GET http://localhost:54855/swagger/v1/swagger.json - -
2023-10-27 16:44:33.592 +05:30 [INF] Request finished HTTP/1.1 GET http://localhost:54855/swagger/v1/swagger.json - - - 200 - application/json;charset=utf-8 298.2098ms
2023-10-27 16:46:41.060 +05:30 [INF] Request starting HTTP/1.1 OPTIONS http://localhost:54855/api/Auth/GetToken - -
2023-10-27 16:46:41.077 +05:30 [INF] Request starting HTTP/1.1 OPTIONS http://localhost:54855/api/Appointment/GetByEmail/ndeva6798@gmail.com - -
2023-10-27 16:46:41.140 +05:30 [INF] CORS policy execution successful.
2023-10-27 16:46:41.141 +05:30 [INF] CORS policy execution successful.
2023-10-27 16:46:41.146 +05:30 [INF] Request finished HTTP/1.1 OPTIONS http://localhost:54855/api/Auth/GetToken - - - 204 - - 85.7725ms
2023-10-27 16:46:41.146 +05:30 [INF] Request finished HTTP/1.1 OPTIONS http://localhost:54855/api/Appointment/GetByEmail/ndeva6798@gmail.com - - - 204 - - 68.5398ms
2023-10-27 16:46:41.156 +05:30 [INF] Request starting HTTP/1.1 GET http://localhost:54855/api/Appointment/GetByEmail/ndeva6798@gmail.com application/json -
2023-10-27 16:46:41.158 +05:30 [INF] CORS policy execution successful.
2023-10-27 16:46:41.158 +05:30 [INF] Request starting HTTP/1.1 POST http://localhost:54855/api/Auth/GetToken application/json 33
2023-10-27 16:46:41.159 +05:30 [INF] CORS policy execution successful.
2023-10-27 16:46:41.189 +05:30 [INF] Executing endpoint 'Appointment_Scheduling_Application.WebAPI.Auth.AuthController.GetToken (Appointment_Scheduling_Application.WebAPI)'
2023-10-27 16:46:41.297 +05:30 [INF] Request starting HTTP/1.1 GET http://localhost:54855/_vs/browserLink - -
2023-10-27 16:46:41.347 +05:30 [INF] Request starting HTTP/1.1 POST http://localhost:54855/api/Auth/GetToken application/json 33
2023-10-27 16:46:41.348 +05:30 [INF] Request starting HTTP/1.1 GET http://localhost:54855/api/Appointment/GetByEmail/ndeva6798@gmail.com application/json -
2023-10-27 16:46:41.366 +05:30 [INF] CORS policy execution successful.
2023-10-27 16:46:41.366 +05:30 [INF] CORS policy execution successful.
2023-10-27 16:46:41.367 +05:30 [INF] Executing endpoint 'Appointment_Scheduling_Application.WebAPI.Auth.AuthController.GetToken (Appointment_Scheduling_Application.WebAPI)'
2023-10-27 16:46:41.481 +05:30 [INF] Request finished HTTP/1.1 GET http://localhost:54855/_vs/browserLink - - - 200 - text/javascript;+charset=UTF-8 184.3648ms
2023-10-27 16:46:41.528 +05:30 [INF] Route matched with {action = "GetToken", controller = "Auth"}. Executing controller action with signature System.Threading.Tasks.Task`1[Microsoft.AspNetCore.Mvc.IActionResult] GetToken(Appointment_Scheduling_Application.DTO.DTOs.EmailIdField) on controller Appointment_Scheduling_Application.WebAPI.Auth.AuthController (Appointment_Scheduling_Application.WebAPI).
2023-10-27 16:46:41.528 +05:30 [INF] Route matched with {action = "GetToken", controller = "Auth"}. Executing controller action with signature System.Threading.Tasks.Task`1[Microsoft.AspNetCore.Mvc.IActionResult] GetToken(Appointment_Scheduling_Application.DTO.DTOs.EmailIdField) on controller Appointment_Scheduling_Application.WebAPI.Auth.AuthController (Appointment_Scheduling_Application.WebAPI).
2023-10-27 16:46:41.573 +05:30 [INF] Bearer was not authenticated. Failure message: No SecurityTokenValidator available for token.
2023-10-27 16:46:41.573 +05:30 [INF] Bearer was not authenticated. Failure message: No SecurityTokenValidator available for token.
2023-10-27 16:46:41.579 +05:30 [INF] Authorization failed. These requirements were not met:
DenyAnonymousAuthorizationRequirement: Requires an authenticated user.
2023-10-27 16:46:41.579 +05:30 [INF] Authorization failed. These requirements were not met:
DenyAnonymousAuthorizationRequirement: Requires an authenticated user.
2023-10-27 16:46:41.593 +05:30 [INF] AuthenticationScheme: Bearer was challenged.
2023-10-27 16:46:41.593 +05:30 [INF] AuthenticationScheme: Bearer was challenged.
2023-10-27 16:46:41.594 +05:30 [INF] Request finished HTTP/1.1 GET http://localhost:54855/api/Appointment/GetByEmail/ndeva6798@gmail.com application/json - - 0 - - 438.1723ms
2023-10-27 16:46:41.595 +05:30 [INF] Request finished HTTP/1.1 GET http://localhost:54855/api/Appointment/GetByEmail/ndeva6798@gmail.com application/json - - 401 - - 246.8183ms
2023-10-27 16:46:41.658 +05:30 [INF] Request starting HTTP/1.1 GET http://localhost:54855/swagger/v1/swagger.json - -
2023-10-27 16:46:41.670 +05:30 [INF] Request finished HTTP/1.1 GET http://localhost:54855/swagger/v1/swagger.json - - - 200 - application/json;charset=utf-8 12.2072ms
2023-10-27 16:46:46.712 +05:30 [INF] Executed action Appointment_Scheduling_Application.WebAPI.Auth.AuthController.GetToken (Appointment_Scheduling_Application.WebAPI) in 5174.5576ms
2023-10-27 16:46:46.712 +05:30 [INF] Executed action Appointment_Scheduling_Application.WebAPI.Auth.AuthController.GetToken (Appointment_Scheduling_Application.WebAPI) in 5174.5597ms
2023-10-27 16:46:46.718 +05:30 [INF] Executed endpoint 'Appointment_Scheduling_Application.WebAPI.Auth.AuthController.GetToken (Appointment_Scheduling_Application.WebAPI)'
2023-10-27 16:46:46.718 +05:30 [INF] Executed endpoint 'Appointment_Scheduling_Application.WebAPI.Auth.AuthController.GetToken (Appointment_Scheduling_Application.WebAPI)'
2023-10-27 16:46:46.939 +05:30 [ERR] An unhandled exception has occurred while executing the request.
System.InvalidOperationException: An exception has been raised that is likely due to a transient failure. Consider enabling transient error resiliency by adding 'EnableRetryOnFailure' to the 'UseSqlServer' call.
 ---> Microsoft.Data.SqlClient.SqlException (0x80131904): A connection was successfully established with the server, but then an error occurred during the login process. (provider: Shared Memory Provider, error: 0 - No process is on the other end of the pipe.)
 ---> System.ComponentModel.Win32Exception (233): No process is on the other end of the pipe.
   at Microsoft.Data.ProviderBase.DbConnectionPool.TryGetConnection(DbConnection owningObject, UInt32 waitForMultipleObjectsTimeout, Boolean allowCreate, Boolean onlyOneCheckConnection, DbConnectionOptions userOptions, DbConnectionInternal& connection)
   at Microsoft.Data.ProviderBase.DbConnectionPool.WaitForPendingOpen()
--- End of stack trace from previous location ---
   at Microsoft.EntityFrameworkCore.Storage.RelationalConnection.OpenInternalAsync(Boolean errorsExpected, CancellationToken cancellationToken)
   at Microsoft.EntityFrameworkCore.Storage.RelationalConnection.OpenInternalAsync(Boolean errorsExpected, CancellationToken cancellationToken)
   at Microsoft.EntityFrameworkCore.Storage.RelationalConnection.OpenAsync(CancellationToken cancellationToken, Boolean errorsExpected)
   at Microsoft.EntityFrameworkCore.Storage.RelationalCommand.ExecuteReaderAsync(RelationalCommandParameterObject parameterObject, CancellationToken cancellationToken)
   at Microsoft.EntityFrameworkCore.Query.Internal.SingleQueryingEnumerable`1.AsyncEnumerator.InitializeReaderAsync(AsyncEnumerator enumerator, CancellationToken cancellationToken)
   at Microsoft.EntityFrameworkCore.SqlServer.Storage.Internal.SqlServerExecutionStrategy.ExecuteAsync[TState,TResult](TState state, Func`4 operation, Func`4 verifySucceeded, CancellationToken cancellationToken)
ClientConnectionId:6e8dcf57-8b9e-4c93-b0db-33efaa6456b5
Error Number:233,State:0,Class:20
   --- End of inner exception stack trace ---
   at Microsoft.EntityFrameworkCore.SqlServer.Storage.Internal.SqlServerExecutionStrategy.ExecuteAsync[TState,TResult](TState state, Func`4 operation, Func`4 verifySucceeded, CancellationToken cancellationToken)
   at Microsoft.EntityFrameworkCore.Query.Internal.SingleQueryingEnumerable`1.AsyncEnumerator.MoveNextAsync()
   at Microsoft.EntityFrameworkCore.Query.ShapedQueryCompilingExpressionVisitor.SingleOrDefaultAsync[TSource](IAsyncEnumerable`1 asyncEnumerable, CancellationToken cancellationToken)
   at Microsoft.EntityFrameworkCore.Query.ShapedQueryCompilingExpressionVisitor.SingleOrDefaultAsync[TSource](IAsyncEnumerable`1 asyncEnumerable, CancellationToken cancellationToken)
   at Microsoft.AspNetCore.Identity.UserManager`1.FindByEmailAsync(String email)
   at Appointment_Scheduling_Application.Services.Auth_Services.JwtService.GenerateJwtToken(String email) in D:\Assessment-Project\Appointment-Scheduling-App\Appointment_Scheduling_Application\Appointment_Scheduling_Application.Services\Auth Services\JwtService.cs:line 24
   at Appointment_Scheduling_Application.WebAPI.Auth.AuthController.GetToken(EmailIdField email) in D:\Assessment-Project\Appointment-Scheduling-App\Appointment_Scheduling_Application\Appointment_Scheduling_Application\Auth\AuthController.cs:line 55
   at Microsoft.AspNetCore.Mvc.Infrastructure.ActionMethodExecutor.TaskOfIActionResultExecutor.Execute(IActionResultTypeMapper mapper, ObjectMethodExecutor executor, Object controller, Object[] arguments)
   at Microsoft.AspNetCore.Mvc.Infrastructure.ControllerActionInvoker.<InvokeActionMethodAsync>g__Awaited|12_0(ControllerActionInvoker invoker, ValueTask`1 actionResultValueTask)
   at Microsoft.AspNetCore.Mvc.Infrastructure.ControllerActionInvoker.<InvokeNextActionFilterAsync>g__Awaited|10_0(ControllerActionInvoker invoker, Task lastTask, State next, Scope scope, Object state, Boolean isCompleted)
   at Microsoft.AspNetCore.Mvc.Infrastructure.ControllerActionInvoker.Rethrow(ActionExecutedContextSealed context)
   at Microsoft.AspNetCore.Mvc.Infrastructure.ControllerActionInvoker.Next(State& next, Scope& scope, Object& state, Boolean& isCompleted)
   at Microsoft.AspNetCore.Mvc.Infrastructure.ControllerActionInvoker.<InvokeInnerFilterAsync>g__Awaited|13_0(ControllerActionInvoker invoker, Task lastTask, State next, Scope scope, Object state, Boolean isCompleted)
   at Microsoft.AspNetCore.Mvc.Infrastructure.ResourceInvoker.<InvokeFilterPipelineAsync>g__Awaited|20_0(ResourceInvoker invoker, Task lastTask, State next, Scope scope, Object state, Boolean isCompleted)
   at Microsoft.AspNetCore.Mvc.Infrastructure.ResourceInvoker.<InvokeAsync>g__Logged|17_1(ResourceInvoker invoker)
   at Microsoft.AspNetCore.Mvc.Infrastructure.ResourceInvoker.<InvokeAsync>g__Logged|17_1(ResourceInvoker invoker)
   at Microsoft.AspNetCore.Routing.EndpointMiddleware.<Invoke>g__AwaitRequestTask|6_0(Endpoint endpoint, Task requestTask, ILogger logger)
   at Microsoft.AspNetCore.Authorization.AuthorizationMiddleware.Invoke(HttpContext context)
   at Swashbuckle.AspNetCore.SwaggerUI.SwaggerUIMiddleware.Invoke(HttpContext httpContext)
   at Swashbuckle.AspNetCore.Swagger.SwaggerMiddleware.Invoke(HttpContext httpContext, ISwaggerProvider swaggerProvider)
   at Microsoft.AspNetCore.Diagnostics.DeveloperExceptionPageMiddleware.Invoke(HttpContext context)
2023-10-27 16:46:46.941 +05:30 [ERR] An unhandled exception has occurred while executing the request.
System.InvalidOperationException: An exception has been raised that is likely due to a transient failure. Consider enabling transient error resiliency by adding 'EnableRetryOnFailure' to the 'UseSqlServer' call.
 ---> Microsoft.Data.SqlClient.SqlException (0x80131904): A connection was successfully established with the server, but then an error occurred during the login process. (provider: Shared Memory Provider, error: 0 - No process is on the other end of the pipe.)
 ---> System.ComponentModel.Win32Exception (233): No process is on the other end of the pipe.
   at Microsoft.Data.SqlClient.TdsParser.ThrowExceptionAndWarning(TdsParserStateObject stateObj, Boolean callerHasConnectionLock, Boolean asyncClose)
   at Microsoft.Data.SqlClient.TdsParserStateObject.ReadSniError(TdsParserStateObject stateObj, UInt32 error)
   at Microsoft.Data.SqlClient.TdsParserStateObject.ReadSniSyncOverAsync()
   at Microsoft.Data.SqlClient.TdsParserStateObject.TryReadNetworkPacket()
   at Microsoft.Data.SqlClient.TdsParserStateObject.TryPrepareBuffer()
   at Microsoft.Data.SqlClient.TdsParserStateObject.TryReadByte(Byte& value)
   at Microsoft.Data.SqlClient.TdsParser.TryRun(RunBehavior runBehavior, SqlCommand cmdHandler, SqlDataReader dataStream, BulkCopySimpleResultSet bulkCopyHandler, TdsParserStateObject stateObj, Boolean& dataReady)
   at Microsoft.Data.SqlClient.TdsParser.Run(RunBehavior runBehavior, SqlCommand cmdHandler, SqlDataReader dataStream, BulkCopySimpleResultSet bulkCopyHandler, TdsParserStateObject stateObj)
   at Microsoft.Data.SqlClient.SqlInternalConnectionTds.CompleteLogin(Boolean enlistOK)
   at Microsoft.Data.SqlClient.SqlInternalConnectionTds.AttemptOneLogin(ServerInfo serverInfo, String newPassword, SecureString newSecurePassword, Boolean ignoreSniOpenTimeout, TimeoutTimer timeout, Boolean withFailover)
   at Microsoft.Data.SqlClient.SqlInternalConnectionTds.LoginNoFailover(ServerInfo serverInfo, String newPassword, SecureString newSecurePassword, Boolean redirectedUserInstance, SqlConnectionString connectionOptions, SqlCredential credential, TimeoutTimer timeout)
   at Microsoft.Data.SqlClient.SqlInternalConnectionTds.OpenLoginEnlist(TimeoutTimer timeout, SqlConnectionString connectionOptions, SqlCredential credential, String newPassword, SecureString newSecurePassword, Boolean redirectedUserInstance)
   at Microsoft.Data.SqlClient.SqlInternalConnectionTds..ctor(DbConnectionPoolIdentity identity, SqlConnectionString connectionOptions, SqlCredential credential, Object providerInfo, String newPassword, SecureString newSecurePassword, Boolean redirectedUserInstance, SqlConnectionString userConnectionOptions, SessionData reconnectSessionData, Boolean applyTransientFaultHandling, String accessToken, DbConnectionPool pool)
   at Microsoft.Data.SqlClient.SqlConnectionFactory.CreateConnection(DbConnectionOptions options, DbConnectionPoolKey poolKey, Object poolGroupProviderInfo, DbConnectionPool pool, DbConnection owningConnection, DbConnectionOptions userOptions)
   at Microsoft.Data.ProviderBase.DbConnectionFactory.CreatePooledConnection(DbConnectionPool pool, DbConnection owningObject, DbConnectionOptions options, DbConnectionPoolKey poolKey, DbConnectionOptions userOptions)
   at Microsoft.Data.ProviderBase.DbConnectionPool.CreateObject(DbConnection owningObject, DbConnectionOptions userOptions, DbConnectionInternal oldConnection)
   at Microsoft.Data.ProviderBase.DbConnectionPool.UserCreateRequest(DbConnection owningObject, DbConnectionOptions userOptions, DbConnectionInternal oldConnection)
   at Microsoft.Data.ProviderBase.DbConnectionPool.TryGetConnection(DbConnection owningObject, UInt32 waitForMultipleObjectsTimeout, Boolean allowCreate, Boolean onlyOneCheckConnection, DbConnectionOptions userOptions, DbConnectionInternal& connection)
   at Microsoft.Data.ProviderBase.DbConnectionPool.WaitForPendingOpen()
--- End of stack trace from previous location ---
   at Microsoft.EntityFrameworkCore.Storage.RelationalConnection.OpenInternalAsync(Boolean errorsExpected, CancellationToken cancellationToken)
   at Microsoft.EntityFrameworkCore.Storage.RelationalConnection.OpenInternalAsync(Boolean errorsExpected, CancellationToken cancellationToken)
   at Microsoft.EntityFrameworkCore.Storage.RelationalConnection.OpenAsync(CancellationToken cancellationToken, Boolean errorsExpected)
   at Microsoft.EntityFrameworkCore.Storage.RelationalCommand.ExecuteReaderAsync(RelationalCommandParameterObject parameterObject, CancellationToken cancellationToken)
   at Microsoft.EntityFrameworkCore.Query.Internal.SingleQueryingEnumerable`1.AsyncEnumerator.InitializeReaderAsync(AsyncEnumerator enumerator, CancellationToken cancellationToken)
   at Microsoft.EntityFrameworkCore.SqlServer.Storage.Internal.SqlServerExecutionStrategy.ExecuteAsync[TState,TResult](TState state, Func`4 operation, Func`4 verifySucceeded, CancellationToken cancellationToken)
ClientConnectionId:6e8dcf57-8b9e-4c93-b0db-33efaa6456b5
Error Number:233,State:0,Class:20
   --- End of inner exception stack trace ---
   at Microsoft.EntityFrameworkCore.SqlServer.Storage.Internal.SqlServerExecutionStrategy.ExecuteAsync[TState,TResult](TState state, Func`4 operation, Func`4 verifySucceeded, CancellationToken cancellationToken)
   at Microsoft.EntityFrameworkCore.Query.Internal.SingleQueryingEnumerable`1.AsyncEnumerator.MoveNextAsync()
   at Microsoft.EntityFrameworkCore.Query.ShapedQueryCompilingExpressionVisitor.SingleOrDefaultAsync[TSource](IAsyncEnumerable`1 asyncEnumerable, CancellationToken cancellationToken)
   at Microsoft.EntityFrameworkCore.Query.ShapedQueryCompilingExpressionVisitor.SingleOrDefaultAsync[TSource](IAsyncEnumerable`1 asyncEnumerable, CancellationToken cancellationToken)
   at Microsoft.AspNetCore.Identity.UserManager`1.FindByEmailAsync(String email)
   at Appointment_Scheduling_Application.Services.Auth_Services.JwtService.GenerateJwtToken(String email) in D:\Assessment-Project\Appointment-Scheduling-App\Appointment_Scheduling_Application\Appointment_Scheduling_Application.Services\Auth Services\JwtService.cs:line 24
   at Appointment_Scheduling_Application.WebAPI.Auth.AuthController.GetToken(EmailIdField email) in D:\Assessment-Project\Appointment-Scheduling-App\Appointment_Scheduling_Application\Appointment_Scheduling_Application\Auth\AuthController.cs:line 55
   at Microsoft.AspNetCore.Mvc.Infrastructure.ActionMethodExecutor.TaskOfIActionResultExecutor.Execute(IActionResultTypeMapper mapper, ObjectMethodExecutor executor, Object controller, Object[] arguments)
   at Microsoft.AspNetCore.Mvc.Infrastructure.ControllerActionInvoker.<InvokeActionMethodAsync>g__Awaited|12_0(ControllerActionInvoker invoker, ValueTask`1 actionResultValueTask)
   at Microsoft.AspNetCore.Mvc.Infrastructure.ControllerActionInvoker.<InvokeNextActionFilterAsync>g__Awaited|10_0(ControllerActionInvoker invoker, Task lastTask, State next, Scope scope, Object state, Boolean isCompleted)
   at Microsoft.AspNetCore.Mvc.Infrastructure.ControllerActionInvoker.Rethrow(ActionExecutedContextSealed context)
   at Microsoft.AspNetCore.Mvc.Infrastructure.ControllerActionInvoker.Next(State& next, Scope& scope, Object& state, Boolean& isCompleted)
   at Microsoft.AspNetCore.Mvc.Infrastructure.ControllerActionInvoker.<InvokeInnerFilterAsync>g__Awaited|13_0(ControllerActionInvoker invoker, Task lastTask, State next, Scope scope, Object state, Boolean isCompleted)
   at Microsoft.AspNetCore.Mvc.Infrastructure.ResourceInvoker.<InvokeFilterPipelineAsync>g__Awaited|20_0(ResourceInvoker invoker, Task lastTask, State next, Scope scope, Object state, Boolean isCompleted)
   at Microsoft.AspNetCore.Mvc.Infrastructure.ResourceInvoker.<InvokeAsync>g__Logged|17_1(ResourceInvoker invoker)
   at Microsoft.AspNetCore.Mvc.Infrastructure.ResourceInvoker.<InvokeAsync>g__Logged|17_1(ResourceInvoker invoker)
   at Microsoft.AspNetCore.Routing.EndpointMiddleware.<Invoke>g__AwaitRequestTask|6_0(Endpoint endpoint, Task requestTask, ILogger logger)
   at Microsoft.AspNetCore.Authorization.AuthorizationMiddleware.Invoke(HttpContext context)
   at Swashbuckle.AspNetCore.SwaggerUI.SwaggerUIMiddleware.Invoke(HttpContext httpContext)
   at Swashbuckle.AspNetCore.Swagger.SwaggerMiddleware.Invoke(HttpContext httpContext, ISwaggerProvider swaggerProvider)
   at Microsoft.AspNetCore.Diagnostics.DeveloperExceptionPageMiddleware.Invoke(HttpContext context)
2023-10-27 16:46:46.979 +05:30 [INF] Request finished HTTP/1.1 POST http://localhost:54855/api/Auth/GetToken application/json 33 - 500 - text/plain;+charset=utf-8 5632.2516ms
2023-10-27 16:46:46.979 +05:30 [INF] Request finished HTTP/1.1 POST http://localhost:54855/api/Auth/GetToken application/json 33 - 500 - text/plain;+charset=utf-8 5820.9604ms
2023-10-27 17:41:55.307 +05:30 [INF] User profile is available. Using 'C:\Users\naveen.devendran\AppData\Local\ASP.NET\DataProtection-Keys' as key repository and Windows DPAPI to encrypt keys at rest.
2023-10-27 17:41:55.613 +05:30 [INF] Application started. Press Ctrl+C to shut down.
2023-10-27 17:41:55.620 +05:30 [INF] Hosting environment: Development
2023-10-27 17:41:55.624 +05:30 [INF] Content root path: D:\Assessment-Project\Appointment-Scheduling-App\Appointment_Scheduling_Application\Appointment_Scheduling_Application\
2023-10-27 17:41:55.662 +05:30 [INF] Request starting HTTP/1.1 GET http://localhost:54855/swagger/index.html - -
2023-10-27 17:41:56.228 +05:30 [INF] Request starting HTTP/1.1 GET http://localhost:54855/_vs/browserLink - -
2023-10-27 17:41:56.247 +05:30 [WRN] Unable to configure browser refresh script injection on the response. Consider manually adding '<script src="/_framework/aspnetcore-browser-refresh.js"></script>' to the body of the page.
2023-10-27 17:41:56.253 +05:30 [INF] Request finished HTTP/1.1 GET http://localhost:54855/swagger/index.html - - - 200 - text/html;charset=utf-8 596.1239ms
2023-10-27 17:41:56.282 +05:30 [INF] Request finished HTTP/1.1 GET http://localhost:54855/_vs/browserLink - - - 200 - text/javascript;+charset=UTF-8 54.7251ms
2023-10-27 17:41:56.371 +05:30 [INF] Request starting HTTP/1.1 GET http://localhost:54855/swagger/v1/swagger.json - -
2023-10-27 17:41:56.619 +05:30 [INF] Request finished HTTP/1.1 GET http://localhost:54855/swagger/v1/swagger.json - - - 200 - application/json;charset=utf-8 247.4483ms
2023-10-27 17:42:25.701 +05:30 [INF] Request starting HTTP/1.1 POST http://localhost:54855/api/User/SignIn application/json 66
2023-10-27 17:42:25.730 +05:30 [INF] CORS policy execution failed.
2023-10-27 17:42:25.730 +05:30 [INF] Request origin http://localhost:54855 does not have permission to access the resource.
2023-10-27 17:42:25.738 +05:30 [INF] Executing endpoint 'Appointment_Scheduling_Application.WebAPI.Controllers.UserController.SignIn (Appointment_Scheduling_Application.WebAPI)'
2023-10-27 17:42:25.810 +05:30 [INF] Route matched with {action = "SignIn", controller = "User"}. Executing controller action with signature System.Threading.Tasks.Task`1[Microsoft.AspNetCore.Mvc.IActionResult] SignIn(Appointment_Scheduling_Application.DTO.DTOs.LoginModel) on controller Appointment_Scheduling_Application.WebAPI.Controllers.UserController (Appointment_Scheduling_Application.WebAPI).
2023-10-27 18:09:04.632 +05:30 [INF] User profile is available. Using 'C:\Users\naveen.devendran\AppData\Local\ASP.NET\DataProtection-Keys' as key repository and Windows DPAPI to encrypt keys at rest.
2023-10-27 18:09:04.841 +05:30 [INF] Application started. Press Ctrl+C to shut down.
2023-10-27 18:09:04.846 +05:30 [INF] Hosting environment: Development
2023-10-27 18:09:04.848 +05:30 [INF] Content root path: D:\Assessment-Project\Appointment-Scheduling-App\Appointment_Scheduling_Application\Appointment_Scheduling_Application\
2023-10-27 18:09:04.873 +05:30 [INF] Request starting HTTP/1.1 GET http://localhost:54855/swagger - -
2023-10-27 18:09:05.014 +05:30 [INF] Request starting HTTP/1.1 GET http://localhost:54855/swagger/index.html - -
2023-10-27 18:09:05.024 +05:30 [INF] Request finished HTTP/1.1 GET http://localhost:54855/swagger - - - 301 - - 156.0488ms
2023-10-27 18:09:05.250 +05:30 [INF] Request starting HTTP/1.1 GET http://localhost:54855/swagger/swagger-ui.css - -
2023-10-27 18:09:05.250 +05:30 [INF] Request starting HTTP/1.1 GET http://localhost:54855/swagger/swagger-ui-bundle.js - -
2023-10-27 18:09:05.254 +05:30 [INF] Request starting HTTP/1.1 GET http://localhost:54855/swagger/swagger-ui-standalone-preset.js - -
2023-10-27 18:09:05.276 +05:30 [INF] Request starting HTTP/1.1 GET http://localhost:54855/_vs/browserLink - -
2023-10-27 18:09:05.362 +05:30 [WRN] Unable to configure browser refresh script injection on the response. Consider manually adding '<script src="/_framework/aspnetcore-browser-refresh.js"></script>' to the body of the page.
2023-10-27 18:09:05.364 +05:30 [INF] Request finished HTTP/1.1 GET http://localhost:54855/swagger/index.html - - - 200 - text/html;charset=utf-8 349.7603ms
2023-10-27 18:09:05.364 +05:30 [INF] Sending file. Request path: '/swagger-ui.css'. Physical path: 'N/A'
2023-10-27 18:09:05.364 +05:30 [INF] Sending file. Request path: '/swagger-ui-bundle.js'. Physical path: 'N/A'
2023-10-27 18:09:05.364 +05:30 [INF] Sending file. Request path: '/swagger-ui-standalone-preset.js'. Physical path: 'N/A'
2023-10-27 18:09:05.367 +05:30 [INF] Request finished HTTP/1.1 GET http://localhost:54855/swagger/swagger-ui.css - - - 200 143632 text/css 116.3086ms
2023-10-27 18:09:05.381 +05:30 [INF] Request finished HTTP/1.1 GET http://localhost:54855/swagger/swagger-ui-standalone-preset.js - - - 200 337162 application/javascript 122.6388ms
2023-10-27 18:09:05.401 +05:30 [INF] Request finished HTTP/1.1 GET http://localhost:54855/_vs/browserLink - - - 200 - text/javascript;+charset=UTF-8 125.4088ms
2023-10-27 18:09:05.407 +05:30 [INF] Request finished HTTP/1.1 GET http://localhost:54855/swagger/swagger-ui-bundle.js - - - 200 1092889 application/javascript 156.9308ms
2023-10-27 18:09:05.532 +05:30 [INF] Request starting HTTP/1.1 GET http://localhost:54855/swagger/v1/swagger.json - -
2023-10-27 18:09:05.579 +05:30 [INF] Request starting HTTP/1.1 GET http://localhost:54855/swagger/favicon-32x32.png - -
2023-10-27 18:09:05.582 +05:30 [INF] Sending file. Request path: '/favicon-32x32.png'. Physical path: 'N/A'
2023-10-27 18:09:05.582 +05:30 [INF] Request finished HTTP/1.1 GET http://localhost:54855/swagger/favicon-32x32.png - - - 200 628 image/png 3.1977ms
2023-10-27 18:09:05.807 +05:30 [INF] Request finished HTTP/1.1 GET http://localhost:54855/swagger/v1/swagger.json - - - 200 - application/json;charset=utf-8 275.0477ms
2023-10-27 18:10:48.120 +05:30 [INF] Request starting HTTP/1.1 POST http://localhost:54855/api/User/CreateUser multipart/form-data;+boundary=----WebKitFormBoundaryUK0LXRgJqDgyTBhJ 117825
2023-10-27 18:10:48.143 +05:30 [INF] CORS policy execution failed.
2023-10-27 18:10:48.143 +05:30 [INF] Request origin http://localhost:54855 does not have permission to access the resource.
2023-10-27 18:10:48.148 +05:30 [INF] Executing endpoint 'Appointment_Scheduling_Application.WebAPI.Controllers.UserController.CreateUser (Appointment_Scheduling_Application.WebAPI)'
2023-10-27 18:10:48.192 +05:30 [INF] Route matched with {action = "CreateUser", controller = "User"}. Executing controller action with signature System.Threading.Tasks.Task`1[Microsoft.AspNetCore.Mvc.ActionResult`1[System.Boolean]] CreateUser(Appointment_Scheduling_Application.DTOs.DTOs.UserCreateModel) on controller Appointment_Scheduling_Application.WebAPI.Controllers.UserController (Appointment_Scheduling_Application.WebAPI).
2023-10-27 18:10:50.819 +05:30 [INF] Executing OkObjectResult, writing value of type 'System.Boolean'.
2023-10-27 18:10:50.832 +05:30 [INF] Executed action Appointment_Scheduling_Application.WebAPI.Controllers.UserController.CreateUser (Appointment_Scheduling_Application.WebAPI) in 2632.0092ms
2023-10-27 18:10:50.835 +05:30 [INF] Executed endpoint 'Appointment_Scheduling_Application.WebAPI.Controllers.UserController.CreateUser (Appointment_Scheduling_Application.WebAPI)'
2023-10-27 18:10:50.850 +05:30 [INF] Request finished HTTP/1.1 POST http://localhost:54855/api/User/CreateUser multipart/form-data;+boundary=----WebKitFormBoundaryUK0LXRgJqDgyTBhJ 117825 - 200 - application/json;+charset=utf-8 2729.9289ms
2023-10-27 18:11:22.952 +05:30 [INF] Request starting HTTP/1.1 POST http://localhost:54855/api/User/SignIn application/json 66
2023-10-27 18:11:22.954 +05:30 [INF] CORS policy execution failed.
2023-10-27 18:11:22.955 +05:30 [INF] Request origin http://localhost:54855 does not have permission to access the resource.
2023-10-27 18:11:22.955 +05:30 [INF] Executing endpoint 'Appointment_Scheduling_Application.WebAPI.Controllers.UserController.SignIn (Appointment_Scheduling_Application.WebAPI)'
2023-10-27 18:11:22.958 +05:30 [INF] Route matched with {action = "SignIn", controller = "User"}. Executing controller action with signature System.Threading.Tasks.Task`1[Microsoft.AspNetCore.Mvc.IActionResult] SignIn(Appointment_Scheduling_Application.DTO.DTOs.LoginModel) on controller Appointment_Scheduling_Application.WebAPI.Controllers.UserController (Appointment_Scheduling_Application.WebAPI).
2023-10-27 18:11:56.342 +05:30 [INF] Executing OkObjectResult, writing value of type 'System.Boolean'.
2023-10-27 18:11:56.343 +05:30 [INF] Executed action Appointment_Scheduling_Application.WebAPI.Controllers.UserController.SignIn (Appointment_Scheduling_Application.WebAPI) in 33384.9157ms
2023-10-27 18:11:56.343 +05:30 [INF] Executed endpoint 'Appointment_Scheduling_Application.WebAPI.Controllers.UserController.SignIn (Appointment_Scheduling_Application.WebAPI)'
2023-10-27 18:11:56.343 +05:30 [INF] Request finished HTTP/1.1 POST http://localhost:54855/api/User/SignIn application/json 66 - 200 - application/json;+charset=utf-8 33391.6498ms
2023-10-27 18:14:27.220 +05:30 [INF] Request starting HTTP/1.1 POST http://localhost:54855/api/User/SignIn application/json 66
2023-10-27 18:14:27.235 +05:30 [INF] CORS policy execution failed.
2023-10-27 18:14:27.236 +05:30 [INF] Request origin http://localhost:54855 does not have permission to access the resource.
2023-10-27 18:14:27.238 +05:30 [INF] Executing endpoint 'Appointment_Scheduling_Application.WebAPI.Controllers.UserController.SignIn (Appointment_Scheduling_Application.WebAPI)'
2023-10-27 18:14:27.239 +05:30 [INF] Route matched with {action = "SignIn", controller = "User"}. Executing controller action with signature System.Threading.Tasks.Task`1[Microsoft.AspNetCore.Mvc.IActionResult] SignIn(Appointment_Scheduling_Application.DTO.DTOs.LoginModel) on controller Appointment_Scheduling_Application.WebAPI.Controllers.UserController (Appointment_Scheduling_Application.WebAPI).
2023-10-27 18:14:42.348 +05:30 [INF] Executing OkObjectResult, writing value of type 'System.Boolean'.
2023-10-27 18:14:42.349 +05:30 [INF] Executed action Appointment_Scheduling_Application.WebAPI.Controllers.UserController.SignIn (Appointment_Scheduling_Application.WebAPI) in 15109.7441ms
2023-10-27 18:14:42.349 +05:30 [INF] Executed endpoint 'Appointment_Scheduling_Application.WebAPI.Controllers.UserController.SignIn (Appointment_Scheduling_Application.WebAPI)'
2023-10-27 18:14:42.349 +05:30 [INF] Request finished HTTP/1.1 POST http://localhost:54855/api/User/SignIn application/json 66 - 200 - application/json;+charset=utf-8 15129.2485ms
2023-10-27 18:15:29.951 +05:30 [INF] Request starting HTTP/1.1 POST http://localhost:54855/api/User/SignIn application/json 66
2023-10-27 18:15:29.951 +05:30 [INF] CORS policy execution failed.
2023-10-27 18:15:29.951 +05:30 [INF] Request origin http://localhost:54855 does not have permission to access the resource.
2023-10-27 18:15:29.951 +05:30 [INF] Executing endpoint 'Appointment_Scheduling_Application.WebAPI.Controllers.UserController.SignIn (Appointment_Scheduling_Application.WebAPI)'
2023-10-27 18:15:29.951 +05:30 [INF] Route matched with {action = "SignIn", controller = "User"}. Executing controller action with signature System.Threading.Tasks.Task`1[Microsoft.AspNetCore.Mvc.IActionResult] SignIn(Appointment_Scheduling_Application.DTO.DTOs.LoginModel) on controller Appointment_Scheduling_Application.WebAPI.Controllers.UserController (Appointment_Scheduling_Application.WebAPI).
2023-10-27 18:20:20.100 +05:30 [INF] User profile is available. Using 'C:\Users\naveen.devendran\AppData\Local\ASP.NET\DataProtection-Keys' as key repository and Windows DPAPI to encrypt keys at rest.
2023-10-27 18:20:20.328 +05:30 [INF] Application started. Press Ctrl+C to shut down.
2023-10-27 18:20:20.334 +05:30 [INF] Hosting environment: Development
2023-10-27 18:20:20.337 +05:30 [INF] Content root path: D:\Assessment-Project\Appointment-Scheduling-App\Appointment_Scheduling_Application\Appointment_Scheduling_Application\
2023-10-27 18:20:20.371 +05:30 [INF] Request starting HTTP/1.1 GET http://localhost:54855/swagger/index.html - -
2023-10-27 18:20:20.862 +05:30 [INF] Request starting HTTP/1.1 GET http://localhost:54855/_vs/browserLink - -
2023-10-27 18:20:20.876 +05:30 [WRN] Unable to configure browser refresh script injection on the response. Consider manually adding '<script src="/_framework/aspnetcore-browser-refresh.js"></script>' to the body of the page.
2023-10-27 18:20:20.882 +05:30 [INF] Request finished HTTP/1.1 GET http://localhost:54855/swagger/index.html - - - 200 - text/html;charset=utf-8 521.7511ms
2023-10-27 18:20:20.922 +05:30 [INF] Request finished HTTP/1.1 GET http://localhost:54855/_vs/browserLink - - - 200 - text/javascript;+charset=UTF-8 59.3530ms
2023-10-27 18:20:21.017 +05:30 [INF] Request starting HTTP/1.1 GET http://localhost:54855/swagger/v1/swagger.json - -
2023-10-27 18:20:21.240 +05:30 [INF] Request finished HTTP/1.1 GET http://localhost:54855/swagger/v1/swagger.json - - - 200 - application/json;charset=utf-8 223.1521ms
2023-10-27 18:20:42.047 +05:30 [INF] Request starting HTTP/1.1 POST http://localhost:54855/api/User/SignIn application/json 66
2023-10-27 18:20:42.077 +05:30 [INF] CORS policy execution failed.
2023-10-27 18:20:42.078 +05:30 [INF] Request origin http://localhost:54855 does not have permission to access the resource.
2023-10-27 18:20:42.087 +05:30 [INF] Executing endpoint 'Appointment_Scheduling_Application.WebAPI.Controllers.UserController.SignIn (Appointment_Scheduling_Application.WebAPI)'
2023-10-27 18:20:42.127 +05:30 [INF] Route matched with {action = "SignIn", controller = "User"}. Executing controller action with signature System.Threading.Tasks.Task`1[Microsoft.AspNetCore.Mvc.IActionResult] SignIn(Appointment_Scheduling_Application.DTO.DTOs.LoginModel) on controller Appointment_Scheduling_Application.WebAPI.Controllers.UserController (Appointment_Scheduling_Application.WebAPI).
2023-10-27 18:20:52.125 +05:30 [INF] Executing OkObjectResult, writing value of type 'System.Boolean'.
2023-10-27 18:20:52.134 +05:30 [INF] Executed action Appointment_Scheduling_Application.WebAPI.Controllers.UserController.SignIn (Appointment_Scheduling_Application.WebAPI) in 10001.6105ms
2023-10-27 18:20:52.137 +05:30 [INF] Executed endpoint 'Appointment_Scheduling_Application.WebAPI.Controllers.UserController.SignIn (Appointment_Scheduling_Application.WebAPI)'
2023-10-27 18:20:52.150 +05:30 [INF] Request finished HTTP/1.1 POST http://localhost:54855/api/User/SignIn application/json 66 - 200 - application/json;+charset=utf-8 10102.7073ms
2023-10-27 18:20:57.849 +05:30 [INF] Request starting HTTP/1.1 POST http://localhost:54855/api/User/SignIn application/json 65
2023-10-27 18:20:57.852 +05:30 [INF] CORS policy execution failed.
2023-10-27 18:20:57.853 +05:30 [INF] Request origin http://localhost:54855 does not have permission to access the resource.
2023-10-27 18:20:57.853 +05:30 [INF] Executing endpoint 'Appointment_Scheduling_Application.WebAPI.Controllers.UserController.SignIn (Appointment_Scheduling_Application.WebAPI)'
2023-10-27 18:20:57.853 +05:30 [INF] Route matched with {action = "SignIn", controller = "User"}. Executing controller action with signature System.Threading.Tasks.Task`1[Microsoft.AspNetCore.Mvc.IActionResult] SignIn(Appointment_Scheduling_Application.DTO.DTOs.LoginModel) on controller Appointment_Scheduling_Application.WebAPI.Controllers.UserController (Appointment_Scheduling_Application.WebAPI).
2023-10-27 18:20:59.613 +05:30 [WRN] Invalid password for user.
2023-10-27 18:21:02.304 +05:30 [INF] Executing OkObjectResult, writing value of type 'System.Boolean'.
2023-10-27 18:21:02.304 +05:30 [INF] Executed action Appointment_Scheduling_Application.WebAPI.Controllers.UserController.SignIn (Appointment_Scheduling_Application.WebAPI) in 4451.4584ms
2023-10-27 18:21:02.305 +05:30 [INF] Executed endpoint 'Appointment_Scheduling_Application.WebAPI.Controllers.UserController.SignIn (Appointment_Scheduling_Application.WebAPI)'
2023-10-27 18:21:02.305 +05:30 [INF] Request finished HTTP/1.1 POST http://localhost:54855/api/User/SignIn application/json 65 - 200 - application/json;+charset=utf-8 4456.2051ms
2023-10-27 18:21:10.669 +05:30 [INF] Request starting HTTP/1.1 POST http://localhost:54855/api/User/SignIn application/json 64
2023-10-27 18:21:10.670 +05:30 [INF] CORS policy execution failed.
2023-10-27 18:21:10.670 +05:30 [INF] Request origin http://localhost:54855 does not have permission to access the resource.
2023-10-27 18:21:10.670 +05:30 [INF] Executing endpoint 'Appointment_Scheduling_Application.WebAPI.Controllers.UserController.SignIn (Appointment_Scheduling_Application.WebAPI)'
2023-10-27 18:21:10.670 +05:30 [INF] Route matched with {action = "SignIn", controller = "User"}. Executing controller action with signature System.Threading.Tasks.Task`1[Microsoft.AspNetCore.Mvc.IActionResult] SignIn(Appointment_Scheduling_Application.DTO.DTOs.LoginModel) on controller Appointment_Scheduling_Application.WebAPI.Controllers.UserController (Appointment_Scheduling_Application.WebAPI).
2023-10-27 18:21:12.353 +05:30 [INF] Executing OkObjectResult, writing value of type 'System.Boolean'.
2023-10-27 18:21:12.354 +05:30 [INF] Executed action Appointment_Scheduling_Application.WebAPI.Controllers.UserController.SignIn (Appointment_Scheduling_Application.WebAPI) in 1684.1047ms
2023-10-27 18:21:12.354 +05:30 [INF] Executed endpoint 'Appointment_Scheduling_Application.WebAPI.Controllers.UserController.SignIn (Appointment_Scheduling_Application.WebAPI)'
2023-10-27 18:21:12.354 +05:30 [INF] Request finished HTTP/1.1 POST http://localhost:54855/api/User/SignIn application/json 64 - 200 - application/json;+charset=utf-8 1685.0825ms
2023-10-27 18:25:17.828 +05:30 [INF] Request starting HTTP/1.1 OPTIONS http://localhost:54855/api/User//SignIn - -
2023-10-27 18:25:17.828 +05:30 [INF] CORS policy execution successful.
2023-10-27 18:25:17.832 +05:30 [INF] Request finished HTTP/1.1 OPTIONS http://localhost:54855/api/User//SignIn - - - 204 - - 4.8229ms
2023-10-27 18:25:17.838 +05:30 [INF] Request starting HTTP/1.1 POST http://localhost:54855/api/User//SignIn application/json 35
2023-10-27 18:25:17.839 +05:30 [INF] CORS policy execution successful.
2023-10-27 18:25:17.840 +05:30 [INF] Request finished HTTP/1.1 POST http://localhost:54855/api/User//SignIn application/json 35 - 404 - - 1.8357ms
2023-10-27 18:25:38.198 +05:30 [INF] Request starting HTTP/1.1 OPTIONS http://localhost:54855/api/User/SignIn - -
2023-10-27 18:25:38.198 +05:30 [INF] CORS policy execution successful.
2023-10-27 18:25:38.200 +05:30 [INF] Request finished HTTP/1.1 OPTIONS http://localhost:54855/api/User/SignIn - - - 204 - - 1.9909ms
2023-10-27 18:25:38.203 +05:30 [INF] Request starting HTTP/1.1 POST http://localhost:54855/api/User/SignIn application/json 35
2023-10-27 18:25:38.203 +05:30 [INF] CORS policy execution successful.
2023-10-27 18:25:38.203 +05:30 [INF] Executing endpoint 'Appointment_Scheduling_Application.WebAPI.Controllers.UserController.SignIn (Appointment_Scheduling_Application.WebAPI)'
2023-10-27 18:25:38.203 +05:30 [INF] Route matched with {action = "SignIn", controller = "User"}. Executing controller action with signature System.Threading.Tasks.Task`1[Microsoft.AspNetCore.Mvc.IActionResult] SignIn(Appointment_Scheduling_Application.DTO.DTOs.LoginModel) on controller Appointment_Scheduling_Application.WebAPI.Controllers.UserController (Appointment_Scheduling_Application.WebAPI).
2023-10-27 18:25:38.308 +05:30 [INF] Executed action Appointment_Scheduling_Application.WebAPI.Controllers.UserController.SignIn (Appointment_Scheduling_Application.WebAPI) in 104.6528ms
2023-10-27 18:25:38.310 +05:30 [INF] Executed endpoint 'Appointment_Scheduling_Application.WebAPI.Controllers.UserController.SignIn (Appointment_Scheduling_Application.WebAPI)'
2023-10-27 18:25:38.435 +05:30 [ERR] An unhandled exception has occurred while executing the request.
System.ArgumentNullException: Value cannot be null. (Parameter 'email')
   at Microsoft.AspNetCore.Identity.UserManager`1.FindByEmailAsync(String email)
   at Appointment_Scheduling_Application.Services.Services.UserService.UserServices.SignIn(String Email, String Password) in D:\Assessment-Project\Appointment-Scheduling-App\Appointment_Scheduling_Application\Appointment_Scheduling_Application.Services\Services\UserService\UserServices.cs:line 104
   at Appointment_Scheduling_Application.WebAPI.Controllers.UserController.SignIn(LoginModel loginModel) in D:\Assessment-Project\Appointment-Scheduling-App\Appointment_Scheduling_Application\Appointment_Scheduling_Application\Action Controllers\UserController.cs:line 77
   at Microsoft.AspNetCore.Mvc.Infrastructure.ActionMethodExecutor.TaskOfIActionResultExecutor.Execute(IActionResultTypeMapper mapper, ObjectMethodExecutor executor, Object controller, Object[] arguments)
   at Microsoft.AspNetCore.Mvc.Infrastructure.ControllerActionInvoker.<InvokeActionMethodAsync>g__Awaited|12_0(ControllerActionInvoker invoker, ValueTask`1 actionResultValueTask)
   at Microsoft.AspNetCore.Mvc.Infrastructure.ControllerActionInvoker.<InvokeNextActionFilterAsync>g__Awaited|10_0(ControllerActionInvoker invoker, Task lastTask, State next, Scope scope, Object state, Boolean isCompleted)
   at Microsoft.AspNetCore.Mvc.Infrastructure.ControllerActionInvoker.Rethrow(ActionExecutedContextSealed context)
   at Microsoft.AspNetCore.Mvc.Infrastructure.ControllerActionInvoker.Next(State& next, Scope& scope, Object& state, Boolean& isCompleted)
   at Microsoft.AspNetCore.Mvc.Infrastructure.ControllerActionInvoker.InvokeInnerFilterAsync()
--- End of stack trace from previous location ---
   at Microsoft.AspNetCore.Mvc.Infrastructure.ResourceInvoker.<InvokeFilterPipelineAsync>g__Awaited|20_0(ResourceInvoker invoker, Task lastTask, State next, Scope scope, Object state, Boolean isCompleted)
   at Microsoft.AspNetCore.Mvc.Infrastructure.ResourceInvoker.<InvokeAsync>g__Logged|17_1(ResourceInvoker invoker)
   at Microsoft.AspNetCore.Mvc.Infrastructure.ResourceInvoker.<InvokeAsync>g__Logged|17_1(ResourceInvoker invoker)
   at Microsoft.AspNetCore.Routing.EndpointMiddleware.<Invoke>g__AwaitRequestTask|6_0(Endpoint endpoint, Task requestTask, ILogger logger)
   at Microsoft.AspNetCore.Authorization.AuthorizationMiddleware.Invoke(HttpContext context)
   at Swashbuckle.AspNetCore.SwaggerUI.SwaggerUIMiddleware.Invoke(HttpContext httpContext)
   at Swashbuckle.AspNetCore.Swagger.SwaggerMiddleware.Invoke(HttpContext httpContext, ISwaggerProvider swaggerProvider)
   at Microsoft.AspNetCore.Diagnostics.DeveloperExceptionPageMiddleware.Invoke(HttpContext context)
2023-10-27 18:25:38.443 +05:30 [INF] Request finished HTTP/1.1 POST http://localhost:54855/api/User/SignIn application/json 35 - 500 - text/plain;+charset=utf-8 240.4244ms
2023-10-27 18:26:33.393 +05:30 [INF] Request starting HTTP/1.1 OPTIONS http://localhost:54855/api/User/SignIn - -
2023-10-27 18:26:33.393 +05:30 [INF] CORS policy execution successful.
2023-10-27 18:26:33.393 +05:30 [INF] Request finished HTTP/1.1 OPTIONS http://localhost:54855/api/User/SignIn - - - 204 - - 0.3990ms
2023-10-27 18:26:33.394 +05:30 [INF] Request starting HTTP/1.1 POST http://localhost:54855/api/User/SignIn application/json 34
2023-10-27 18:26:33.395 +05:30 [INF] CORS policy execution successful.
2023-10-27 18:26:33.395 +05:30 [INF] Executing endpoint 'Appointment_Scheduling_Application.WebAPI.Controllers.UserController.SignIn (Appointment_Scheduling_Application.WebAPI)'
2023-10-27 18:26:33.395 +05:30 [INF] Route matched with {action = "SignIn", controller = "User"}. Executing controller action with signature System.Threading.Tasks.Task`1[Microsoft.AspNetCore.Mvc.IActionResult] SignIn(Appointment_Scheduling_Application.DTO.DTOs.LoginModel) on controller Appointment_Scheduling_Application.WebAPI.Controllers.UserController (Appointment_Scheduling_Application.WebAPI).
2023-10-27 18:26:33.448 +05:30 [INF] Executed action Appointment_Scheduling_Application.WebAPI.Controllers.UserController.SignIn (Appointment_Scheduling_Application.WebAPI) in 53.2154ms
2023-10-27 18:26:33.449 +05:30 [INF] Executed endpoint 'Appointment_Scheduling_Application.WebAPI.Controllers.UserController.SignIn (Appointment_Scheduling_Application.WebAPI)'
2023-10-27 18:26:33.456 +05:30 [ERR] An unhandled exception has occurred while executing the request.
System.ArgumentNullException: Value cannot be null. (Parameter 'email')
   at Microsoft.AspNetCore.Identity.UserManager`1.FindByEmailAsync(String email)
   at Appointment_Scheduling_Application.Services.Services.UserService.UserServices.SignIn(String Email, String Password) in D:\Assessment-Project\Appointment-Scheduling-App\Appointment_Scheduling_Application\Appointment_Scheduling_Application.Services\Services\UserService\UserServices.cs:line 104
   at Appointment_Scheduling_Application.WebAPI.Controllers.UserController.SignIn(LoginModel loginModel) in D:\Assessment-Project\Appointment-Scheduling-App\Appointment_Scheduling_Application\Appointment_Scheduling_Application\Action Controllers\UserController.cs:line 77
   at Microsoft.AspNetCore.Mvc.Infrastructure.ActionMethodExecutor.TaskOfIActionResultExecutor.Execute(IActionResultTypeMapper mapper, ObjectMethodExecutor executor, Object controller, Object[] arguments)
   at Microsoft.AspNetCore.Mvc.Infrastructure.ControllerActionInvoker.<InvokeActionMethodAsync>g__Awaited|12_0(ControllerActionInvoker invoker, ValueTask`1 actionResultValueTask)
   at Microsoft.AspNetCore.Mvc.Infrastructure.ControllerActionInvoker.<InvokeNextActionFilterAsync>g__Awaited|10_0(ControllerActionInvoker invoker, Task lastTask, State next, Scope scope, Object state, Boolean isCompleted)
   at Microsoft.AspNetCore.Mvc.Infrastructure.ControllerActionInvoker.Rethrow(ActionExecutedContextSealed context)
   at Microsoft.AspNetCore.Mvc.Infrastructure.ControllerActionInvoker.Next(State& next, Scope& scope, Object& state, Boolean& isCompleted)
   at Microsoft.AspNetCore.Mvc.Infrastructure.ControllerActionInvoker.InvokeInnerFilterAsync()
--- End of stack trace from previous location ---
   at Microsoft.AspNetCore.Mvc.Infrastructure.ResourceInvoker.<InvokeFilterPipelineAsync>g__Awaited|20_0(ResourceInvoker invoker, Task lastTask, State next, Scope scope, Object state, Boolean isCompleted)
   at Microsoft.AspNetCore.Mvc.Infrastructure.ResourceInvoker.<InvokeAsync>g__Logged|17_1(ResourceInvoker invoker)
   at Microsoft.AspNetCore.Mvc.Infrastructure.ResourceInvoker.<InvokeAsync>g__Logged|17_1(ResourceInvoker invoker)
   at Microsoft.AspNetCore.Routing.EndpointMiddleware.<Invoke>g__AwaitRequestTask|6_0(Endpoint endpoint, Task requestTask, ILogger logger)
   at Microsoft.AspNetCore.Authorization.AuthorizationMiddleware.Invoke(HttpContext context)
   at Swashbuckle.AspNetCore.SwaggerUI.SwaggerUIMiddleware.Invoke(HttpContext httpContext)
   at Swashbuckle.AspNetCore.Swagger.SwaggerMiddleware.Invoke(HttpContext httpContext, ISwaggerProvider swaggerProvider)
   at Microsoft.AspNetCore.Diagnostics.DeveloperExceptionPageMiddleware.Invoke(HttpContext context)
2023-10-27 18:26:33.460 +05:30 [INF] Request finished HTTP/1.1 POST http://localhost:54855/api/User/SignIn application/json 34 - 500 - text/plain;+charset=utf-8 65.2454ms
2023-10-27 18:27:28.515 +05:30 [INF] Request starting HTTP/1.1 OPTIONS http://localhost:54855/api/User/SignIn - -
2023-10-27 18:27:28.515 +05:30 [INF] CORS policy execution successful.
2023-10-27 18:27:28.515 +05:30 [INF] Request finished HTTP/1.1 OPTIONS http://localhost:54855/api/User/SignIn - - - 204 - - 0.5489ms
2023-10-27 18:27:28.518 +05:30 [INF] Request starting HTTP/1.1 POST http://localhost:54855/api/User/SignIn application/json 34
2023-10-27 18:27:28.518 +05:30 [INF] CORS policy execution successful.
2023-10-27 18:27:28.518 +05:30 [INF] Executing endpoint 'Appointment_Scheduling_Application.WebAPI.Controllers.UserController.SignIn (Appointment_Scheduling_Application.WebAPI)'
2023-10-27 18:27:28.518 +05:30 [INF] Route matched with {action = "SignIn", controller = "User"}. Executing controller action with signature System.Threading.Tasks.Task`1[Microsoft.AspNetCore.Mvc.IActionResult] SignIn(Appointment_Scheduling_Application.DTO.DTOs.LoginModel) on controller Appointment_Scheduling_Application.WebAPI.Controllers.UserController (Appointment_Scheduling_Application.WebAPI).
2023-10-27 18:27:28.595 +05:30 [INF] Executed action Appointment_Scheduling_Application.WebAPI.Controllers.UserController.SignIn (Appointment_Scheduling_Application.WebAPI) in 76.9694ms
2023-10-27 18:27:28.596 +05:30 [INF] Executed endpoint 'Appointment_Scheduling_Application.WebAPI.Controllers.UserController.SignIn (Appointment_Scheduling_Application.WebAPI)'
2023-10-27 18:27:28.607 +05:30 [ERR] An unhandled exception has occurred while executing the request.
System.ArgumentNullException: Value cannot be null. (Parameter 'email')
   at Microsoft.AspNetCore.Identity.UserManager`1.FindByEmailAsync(String email)
   at Appointment_Scheduling_Application.Services.Services.UserService.UserServices.SignIn(String Email, String Password) in D:\Assessment-Project\Appointment-Scheduling-App\Appointment_Scheduling_Application\Appointment_Scheduling_Application.Services\Services\UserService\UserServices.cs:line 104
   at Appointment_Scheduling_Application.WebAPI.Controllers.UserController.SignIn(LoginModel loginModel) in D:\Assessment-Project\Appointment-Scheduling-App\Appointment_Scheduling_Application\Appointment_Scheduling_Application\Action Controllers\UserController.cs:line 77
   at Microsoft.AspNetCore.Mvc.Infrastructure.ActionMethodExecutor.TaskOfIActionResultExecutor.Execute(IActionResultTypeMapper mapper, ObjectMethodExecutor executor, Object controller, Object[] arguments)
   at Microsoft.AspNetCore.Mvc.Infrastructure.ControllerActionInvoker.<InvokeActionMethodAsync>g__Awaited|12_0(ControllerActionInvoker invoker, ValueTask`1 actionResultValueTask)
   at Microsoft.AspNetCore.Mvc.Infrastructure.ControllerActionInvoker.<InvokeNextActionFilterAsync>g__Awaited|10_0(ControllerActionInvoker invoker, Task lastTask, State next, Scope scope, Object state, Boolean isCompleted)
   at Microsoft.AspNetCore.Mvc.Infrastructure.ControllerActionInvoker.Rethrow(ActionExecutedContextSealed context)
   at Microsoft.AspNetCore.Mvc.Infrastructure.ControllerActionInvoker.Next(State& next, Scope& scope, Object& state, Boolean& isCompleted)
   at Microsoft.AspNetCore.Mvc.Infrastructure.ControllerActionInvoker.InvokeInnerFilterAsync()
--- End of stack trace from previous location ---
   at Microsoft.AspNetCore.Mvc.Infrastructure.ResourceInvoker.<InvokeFilterPipelineAsync>g__Awaited|20_0(ResourceInvoker invoker, Task lastTask, State next, Scope scope, Object state, Boolean isCompleted)
   at Microsoft.AspNetCore.Mvc.Infrastructure.ResourceInvoker.<InvokeAsync>g__Logged|17_1(ResourceInvoker invoker)
   at Microsoft.AspNetCore.Mvc.Infrastructure.ResourceInvoker.<InvokeAsync>g__Logged|17_1(ResourceInvoker invoker)
   at Microsoft.AspNetCore.Routing.EndpointMiddleware.<Invoke>g__AwaitRequestTask|6_0(Endpoint endpoint, Task requestTask, ILogger logger)
   at Microsoft.AspNetCore.Authorization.AuthorizationMiddleware.Invoke(HttpContext context)
   at Swashbuckle.AspNetCore.SwaggerUI.SwaggerUIMiddleware.Invoke(HttpContext httpContext)
   at Swashbuckle.AspNetCore.Swagger.SwaggerMiddleware.Invoke(HttpContext httpContext, ISwaggerProvider swaggerProvider)
   at Microsoft.AspNetCore.Diagnostics.DeveloperExceptionPageMiddleware.Invoke(HttpContext context)
2023-10-27 18:27:28.610 +05:30 [INF] Request finished HTTP/1.1 POST http://localhost:54855/api/User/SignIn application/json 34 - 500 - text/plain;+charset=utf-8 92.3948ms
2023-10-27 18:27:54.587 +05:30 [INF] Request starting HTTP/1.1 POST http://localhost:54855/api/User/SignIn application/json 41
2023-10-27 18:27:54.587 +05:30 [INF] CORS policy execution failed.
2023-10-27 18:27:54.588 +05:30 [INF] Request origin http://localhost:54855 does not have permission to access the resource.
2023-10-27 18:27:54.588 +05:30 [INF] Executing endpoint 'Appointment_Scheduling_Application.WebAPI.Controllers.UserController.SignIn (Appointment_Scheduling_Application.WebAPI)'
2023-10-27 18:27:54.588 +05:30 [INF] Route matched with {action = "SignIn", controller = "User"}. Executing controller action with signature System.Threading.Tasks.Task`1[Microsoft.AspNetCore.Mvc.IActionResult] SignIn(Appointment_Scheduling_Application.DTO.DTOs.LoginModel) on controller Appointment_Scheduling_Application.WebAPI.Controllers.UserController (Appointment_Scheduling_Application.WebAPI).
2023-10-27 18:27:56.599 +05:30 [INF] Executing OkObjectResult, writing value of type 'System.Boolean'.
2023-10-27 18:27:56.600 +05:30 [INF] Executed action Appointment_Scheduling_Application.WebAPI.Controllers.UserController.SignIn (Appointment_Scheduling_Application.WebAPI) in 2012.3496ms
2023-10-27 18:27:56.600 +05:30 [INF] Executed endpoint 'Appointment_Scheduling_Application.WebAPI.Controllers.UserController.SignIn (Appointment_Scheduling_Application.WebAPI)'
2023-10-27 18:27:56.600 +05:30 [INF] Request finished HTTP/1.1 POST http://localhost:54855/api/User/SignIn application/json 41 - 200 - application/json;+charset=utf-8 2013.0716ms
2023-10-27 18:28:12.385 +05:30 [INF] Request starting HTTP/1.1 OPTIONS http://localhost:54855/api/User/SignIn - -
2023-10-27 18:28:12.386 +05:30 [INF] CORS policy execution successful.
2023-10-27 18:28:12.386 +05:30 [INF] Request finished HTTP/1.1 OPTIONS http://localhost:54855/api/User/SignIn - - - 204 - - 0.3791ms
2023-10-27 18:28:12.394 +05:30 [INF] Request starting HTTP/1.1 POST http://localhost:54855/api/User/SignIn application/json 34
2023-10-27 18:28:12.394 +05:30 [INF] CORS policy execution successful.
2023-10-27 18:28:12.394 +05:30 [INF] Executing endpoint 'Appointment_Scheduling_Application.WebAPI.Controllers.UserController.SignIn (Appointment_Scheduling_Application.WebAPI)'
2023-10-27 18:28:12.394 +05:30 [INF] Route matched with {action = "SignIn", controller = "User"}. Executing controller action with signature System.Threading.Tasks.Task`1[Microsoft.AspNetCore.Mvc.IActionResult] SignIn(Appointment_Scheduling_Application.DTO.DTOs.LoginModel) on controller Appointment_Scheduling_Application.WebAPI.Controllers.UserController (Appointment_Scheduling_Application.WebAPI).
2023-10-27 18:28:12.453 +05:30 [INF] Executed action Appointment_Scheduling_Application.WebAPI.Controllers.UserController.SignIn (Appointment_Scheduling_Application.WebAPI) in 58.4023ms
2023-10-27 18:28:12.453 +05:30 [INF] Executed endpoint 'Appointment_Scheduling_Application.WebAPI.Controllers.UserController.SignIn (Appointment_Scheduling_Application.WebAPI)'
2023-10-27 18:28:12.458 +05:30 [ERR] An unhandled exception has occurred while executing the request.
System.ArgumentNullException: Value cannot be null. (Parameter 'email')
   at Microsoft.AspNetCore.Identity.UserManager`1.FindByEmailAsync(String email)
   at Appointment_Scheduling_Application.Services.Services.UserService.UserServices.SignIn(String Email, String Password) in D:\Assessment-Project\Appointment-Scheduling-App\Appointment_Scheduling_Application\Appointment_Scheduling_Application.Services\Services\UserService\UserServices.cs:line 104
   at Appointment_Scheduling_Application.WebAPI.Controllers.UserController.SignIn(LoginModel loginModel) in D:\Assessment-Project\Appointment-Scheduling-App\Appointment_Scheduling_Application\Appointment_Scheduling_Application\Action Controllers\UserController.cs:line 77
   at Microsoft.AspNetCore.Mvc.Infrastructure.ActionMethodExecutor.TaskOfIActionResultExecutor.Execute(IActionResultTypeMapper mapper, ObjectMethodExecutor executor, Object controller, Object[] arguments)
   at Microsoft.AspNetCore.Mvc.Infrastructure.ControllerActionInvoker.<InvokeActionMethodAsync>g__Awaited|12_0(ControllerActionInvoker invoker, ValueTask`1 actionResultValueTask)
   at Microsoft.AspNetCore.Mvc.Infrastructure.ControllerActionInvoker.<InvokeNextActionFilterAsync>g__Awaited|10_0(ControllerActionInvoker invoker, Task lastTask, State next, Scope scope, Object state, Boolean isCompleted)
   at Microsoft.AspNetCore.Mvc.Infrastructure.ControllerActionInvoker.Rethrow(ActionExecutedContextSealed context)
   at Microsoft.AspNetCore.Mvc.Infrastructure.ControllerActionInvoker.Next(State& next, Scope& scope, Object& state, Boolean& isCompleted)
   at Microsoft.AspNetCore.Mvc.Infrastructure.ControllerActionInvoker.InvokeInnerFilterAsync()
--- End of stack trace from previous location ---
   at Microsoft.AspNetCore.Mvc.Infrastructure.ResourceInvoker.<InvokeFilterPipelineAsync>g__Awaited|20_0(ResourceInvoker invoker, Task lastTask, State next, Scope scope, Object state, Boolean isCompleted)
   at Microsoft.AspNetCore.Mvc.Infrastructure.ResourceInvoker.<InvokeAsync>g__Logged|17_1(ResourceInvoker invoker)
   at Microsoft.AspNetCore.Mvc.Infrastructure.ResourceInvoker.<InvokeAsync>g__Logged|17_1(ResourceInvoker invoker)
   at Microsoft.AspNetCore.Routing.EndpointMiddleware.<Invoke>g__AwaitRequestTask|6_0(Endpoint endpoint, Task requestTask, ILogger logger)
   at Microsoft.AspNetCore.Authorization.AuthorizationMiddleware.Invoke(HttpContext context)
   at Swashbuckle.AspNetCore.SwaggerUI.SwaggerUIMiddleware.Invoke(HttpContext httpContext)
   at Swashbuckle.AspNetCore.Swagger.SwaggerMiddleware.Invoke(HttpContext httpContext, ISwaggerProvider swaggerProvider)
   at Microsoft.AspNetCore.Diagnostics.DeveloperExceptionPageMiddleware.Invoke(HttpContext context)
2023-10-27 18:28:12.460 +05:30 [INF] Request finished HTTP/1.1 POST http://localhost:54855/api/User/SignIn application/json 34 - 500 - text/plain;+charset=utf-8 66.2199ms
2023-10-27 18:30:19.072 +05:30 [INF] Request starting HTTP/1.1 OPTIONS http://localhost:54855/api/User/SignIn - -
2023-10-27 18:30:19.073 +05:30 [INF] CORS policy execution successful.
2023-10-27 18:30:19.073 +05:30 [INF] Request finished HTTP/1.1 OPTIONS http://localhost:54855/api/User/SignIn - - - 204 - - 1.0243ms
2023-10-27 18:30:19.075 +05:30 [INF] Request starting HTTP/1.1 POST http://localhost:54855/api/User/SignIn application/json 34
2023-10-27 18:30:19.075 +05:30 [INF] CORS policy execution successful.
2023-10-27 18:30:19.075 +05:30 [INF] Executing endpoint 'Appointment_Scheduling_Application.WebAPI.Controllers.UserController.SignIn (Appointment_Scheduling_Application.WebAPI)'
2023-10-27 18:30:19.075 +05:30 [INF] Route matched with {action = "SignIn", controller = "User"}. Executing controller action with signature System.Threading.Tasks.Task`1[Microsoft.AspNetCore.Mvc.IActionResult] SignIn(Appointment_Scheduling_Application.DTO.DTOs.LoginModel) on controller Appointment_Scheduling_Application.WebAPI.Controllers.UserController (Appointment_Scheduling_Application.WebAPI).
2023-10-27 18:30:21.004 +05:30 [INF] Executing OkObjectResult, writing value of type 'System.Boolean'.
2023-10-27 18:30:21.004 +05:30 [INF] Executed action Appointment_Scheduling_Application.WebAPI.Controllers.UserController.SignIn (Appointment_Scheduling_Application.WebAPI) in 1929.2888ms
2023-10-27 18:30:21.005 +05:30 [INF] Executed endpoint 'Appointment_Scheduling_Application.WebAPI.Controllers.UserController.SignIn (Appointment_Scheduling_Application.WebAPI)'
2023-10-27 18:30:21.005 +05:30 [INF] Request finished HTTP/1.1 POST http://localhost:54855/api/User/SignIn application/json 34 - 200 - application/json;+charset=utf-8 1930.0708ms
2023-10-27 18:30:42.641 +05:30 [INF] Request starting HTTP/1.1 OPTIONS http://localhost:54855/api/User/SignIn - -
2023-10-27 18:30:42.642 +05:30 [INF] CORS policy execution successful.
2023-10-27 18:30:42.644 +05:30 [INF] Request finished HTTP/1.1 OPTIONS http://localhost:54855/api/User/SignIn - - - 204 - - 2.2797ms
2023-10-27 18:30:42.651 +05:30 [INF] Request starting HTTP/1.1 POST http://localhost:54855/api/User/SignIn application/json 57
2023-10-27 18:30:42.652 +05:30 [INF] CORS policy execution successful.
2023-10-27 18:30:42.652 +05:30 [INF] Executing endpoint 'Appointment_Scheduling_Application.WebAPI.Controllers.UserController.SignIn (Appointment_Scheduling_Application.WebAPI)'
2023-10-27 18:30:42.652 +05:30 [INF] Route matched with {action = "SignIn", controller = "User"}. Executing controller action with signature System.Threading.Tasks.Task`1[Microsoft.AspNetCore.Mvc.IActionResult] SignIn(Appointment_Scheduling_Application.DTO.DTOs.LoginModel) on controller Appointment_Scheduling_Application.WebAPI.Controllers.UserController (Appointment_Scheduling_Application.WebAPI).
2023-10-27 18:30:46.338 +05:30 [INF] Executing OkObjectResult, writing value of type 'System.Boolean'.
2023-10-27 18:30:46.351 +05:30 [INF] Executed action Appointment_Scheduling_Application.WebAPI.Controllers.UserController.SignIn (Appointment_Scheduling_Application.WebAPI) in 3699.2294ms
2023-10-27 18:30:46.351 +05:30 [INF] Executed endpoint 'Appointment_Scheduling_Application.WebAPI.Controllers.UserController.SignIn (Appointment_Scheduling_Application.WebAPI)'
2023-10-27 18:30:46.351 +05:30 [INF] Request finished HTTP/1.1 POST http://localhost:54855/api/User/SignIn application/json 57 - 200 - application/json;+charset=utf-8 3699.9867ms
