2023-10-13 08:39:51.772 +05:30 [INF] User profile is available. Using 'C:\Users\naveen.devendran\AppData\Local\ASP.NET\DataProtection-Keys' as key repository and Windows DPAPI to encrypt keys at rest.
2023-10-13 08:39:51.997 +05:30 [INF] Application started. Press Ctrl+C to shut down.
2023-10-13 08:39:52.000 +05:30 [INF] Hosting environment: Development
2023-10-13 08:39:52.000 +05:30 [INF] Content root path: D:\Assessment-Project\Appointment-Scheduling-App\Appointment_Scheduling_Application\Appointment_Scheduling_Application\
2023-10-13 08:39:52.043 +05:30 [INF] Request starting HTTP/1.1 GET http://localhost:54855/swagger - -
2023-10-13 08:39:52.248 +05:30 [INF] Request starting HTTP/1.1 GET http://localhost:54855/swagger/index.html - -
2023-10-13 08:39:52.251 +05:30 [INF] Request finished HTTP/1.1 GET http://localhost:54855/swagger - - - 301 - - 214.4171ms
2023-10-13 08:39:53.108 +05:30 [INF] Request starting HTTP/1.1 GET http://localhost:54855/swagger/swagger-ui.css - -
2023-10-13 08:39:53.110 +05:30 [INF] Request starting HTTP/1.1 GET http://localhost:54855/swagger/swagger-ui-bundle.js - -
2023-10-13 08:39:53.114 +05:30 [INF] Request starting HTTP/1.1 GET http://localhost:54855/_vs/browserLink - -
2023-10-13 08:39:53.114 +05:30 [INF] Request starting HTTP/1.1 GET http://localhost:54855/swagger/swagger-ui-standalone-preset.js - -
2023-10-13 08:39:53.158 +05:30 [WRN] Unable to configure browser refresh script injection on the response. Consider manually adding '<script src="/_framework/aspnetcore-browser-refresh.js"></script>' to the body of the page.
2023-10-13 08:39:53.161 +05:30 [INF] Request finished HTTP/1.1 GET http://localhost:54855/swagger/index.html - - - 200 - text/html;charset=utf-8 912.8740ms
2023-10-13 08:39:53.165 +05:30 [INF] Sending file. Request path: '/swagger-ui.css'. Physical path: 'N/A'
2023-10-13 08:39:53.165 +05:30 [INF] Sending file. Request path: '/swagger-ui-standalone-preset.js'. Physical path: 'N/A'
2023-10-13 08:39:53.170 +05:30 [INF] Request finished HTTP/1.1 GET http://localhost:54855/swagger/swagger-ui.css - - - 200 143632 text/css 62.0694ms
2023-10-13 08:39:53.171 +05:30 [INF] Sending file. Request path: '/swagger-ui-bundle.js'. Physical path: 'N/A'
2023-10-13 08:39:53.195 +05:30 [INF] Request finished HTTP/1.1 GET http://localhost:54855/swagger/swagger-ui-standalone-preset.js - - - 200 337162 application/javascript 81.1339ms
2023-10-13 08:39:53.251 +05:30 [INF] Request finished HTTP/1.1 GET http://localhost:54855/swagger/swagger-ui-bundle.js - - - 200 1092889 application/javascript 140.8945ms
2023-10-13 08:39:53.281 +05:30 [INF] Request finished HTTP/1.1 GET http://localhost:54855/_vs/browserLink - - - 200 - text/javascript;+charset=UTF-8 167.2847ms
2023-10-13 08:39:53.502 +05:30 [INF] Request starting HTTP/1.1 GET http://localhost:54855/swagger/v1/swagger.json - -
2023-10-13 08:39:53.534 +05:30 [INF] Request starting HTTP/1.1 GET http://localhost:54855/swagger/favicon-32x32.png - -
2023-10-13 08:39:53.535 +05:30 [INF] Sending file. Request path: '/favicon-32x32.png'. Physical path: 'N/A'
2023-10-13 08:39:53.535 +05:30 [INF] Request finished HTTP/1.1 GET http://localhost:54855/swagger/favicon-32x32.png - - - 200 628 image/png 1.2372ms
2023-10-13 08:39:53.807 +05:30 [INF] Request finished HTTP/1.1 GET http://localhost:54855/swagger/v1/swagger.json - - - 200 - application/json;charset=utf-8 305.0737ms
2023-10-13 08:40:04.885 +05:30 [INF] Request starting HTTP/1.1 GET http://localhost:54855/api/Appointment/GetByEmail?UserId=1 - -
2023-10-13 08:40:05.065 +05:30 [INF] Authorization failed. These requirements were not met:
DenyAnonymousAuthorizationRequirement: Requires an authenticated user.
2023-10-13 08:40:05.077 +05:30 [INF] AuthenticationScheme: Bearer was challenged.
2023-10-13 08:40:05.079 +05:30 [INF] Request finished HTTP/1.1 GET http://localhost:54855/api/Appointment/GetByEmail?UserId=1 - - - 401 - - 194.2678ms
2023-10-13 08:40:37.029 +05:30 [INF] Request starting HTTP/1.1 POST http://localhost:54855/api/Auth/GetToken application/json 38
2023-10-13 08:40:37.034 +05:30 [INF] CORS policy execution failed.
2023-10-13 08:40:37.035 +05:30 [INF] Request origin http://localhost:54855 does not have permission to access the resource.
2023-10-13 08:40:37.046 +05:30 [INF] Executing endpoint 'Appointment_Scheduling_Application.WebAPI.Auth.AuthController.GetToken (Appointment_Scheduling_Application.WebAPI)'
2023-10-13 08:40:37.150 +05:30 [INF] Route matched with {action = "GetToken", controller = "Auth"}. Executing controller action with signature System.Threading.Tasks.Task`1[Microsoft.AspNetCore.Mvc.IActionResult] GetToken(Appointment_Scheduling_Application.DTO.DTOs.EmailIdField) on controller Appointment_Scheduling_Application.WebAPI.Auth.AuthController (Appointment_Scheduling_Application.WebAPI).
2023-10-13 08:40:42.385 +05:30 [INF] Executing OkObjectResult, writing value of type 'System.String'.
2023-10-13 08:40:42.402 +05:30 [INF] Executed action Appointment_Scheduling_Application.WebAPI.Auth.AuthController.GetToken (Appointment_Scheduling_Application.WebAPI) in 5236.4994ms
2023-10-13 08:40:42.405 +05:30 [INF] Executed endpoint 'Appointment_Scheduling_Application.WebAPI.Auth.AuthController.GetToken (Appointment_Scheduling_Application.WebAPI)'
2023-10-13 08:40:42.417 +05:30 [INF] Request finished HTTP/1.1 POST http://localhost:54855/api/Auth/GetToken application/json 38 - 200 - text/plain;+charset=utf-8 5387.9769ms
2023-10-13 08:40:53.129 +05:30 [INF] Request starting HTTP/1.1 POST http://localhost:54855/api/Auth/GetToken application/json 40
2023-10-13 08:40:53.135 +05:30 [INF] CORS policy execution failed.
2023-10-13 08:40:53.136 +05:30 [INF] Request origin http://localhost:54855 does not have permission to access the resource.
2023-10-13 08:40:53.136 +05:30 [INF] Executing endpoint 'Appointment_Scheduling_Application.WebAPI.Auth.AuthController.GetToken (Appointment_Scheduling_Application.WebAPI)'
2023-10-13 08:40:53.136 +05:30 [INF] Route matched with {action = "GetToken", controller = "Auth"}. Executing controller action with signature System.Threading.Tasks.Task`1[Microsoft.AspNetCore.Mvc.IActionResult] GetToken(Appointment_Scheduling_Application.DTO.DTOs.EmailIdField) on controller Appointment_Scheduling_Application.WebAPI.Auth.AuthController (Appointment_Scheduling_Application.WebAPI).
2023-10-13 08:40:53.295 +05:30 [INF] Executing OkObjectResult, writing value of type 'System.String'.
2023-10-13 08:40:53.296 +05:30 [INF] Executed action Appointment_Scheduling_Application.WebAPI.Auth.AuthController.GetToken (Appointment_Scheduling_Application.WebAPI) in 159.9606ms
2023-10-13 08:40:53.297 +05:30 [INF] Executed endpoint 'Appointment_Scheduling_Application.WebAPI.Auth.AuthController.GetToken (Appointment_Scheduling_Application.WebAPI)'
2023-10-13 08:40:53.297 +05:30 [INF] Request finished HTTP/1.1 POST http://localhost:54855/api/Auth/GetToken application/json 40 - 200 - text/plain;+charset=utf-8 167.8571ms
2023-10-13 08:41:10.087 +05:30 [INF] Request starting HTTP/1.1 GET http://localhost:54855/api/Appointment/GetByEmail?UserId=1 - -
2023-10-13 08:41:10.301 +05:30 [INF] Executing endpoint 'Appointment_Scheduling_Application.WebAPI.Controllers.AppointmentController.GetByEmail (Appointment_Scheduling_Application.WebAPI)'
2023-10-13 08:41:10.311 +05:30 [INF] Route matched with {action = "GetByEmail", controller = "Appointment"}. Executing controller action with signature System.Threading.Tasks.Task`1[Microsoft.AspNetCore.Mvc.ActionResult`1[System.Collections.Generic.List`1[Appointment_Scheduling_Application.Entitie.Model.AppointmentModel]]] GetByEmail(Int32) on controller Appointment_Scheduling_Application.WebAPI.Controllers.AppointmentController (Appointment_Scheduling_Application.WebAPI).
2023-10-13 08:41:10.500 +05:30 [INF] Executing OkObjectResult, writing value of type 'System.Collections.Generic.List`1[[Appointment_Scheduling_Application.Entitie.Model.AppointmentModel, Appointment_Scheduling_Application.Entitie, Version=1.0.0.0, Culture=neutral, PublicKeyToken=null]]'.
2023-10-13 08:41:10.515 +05:30 [INF] Executed action Appointment_Scheduling_Application.WebAPI.Controllers.AppointmentController.GetByEmail (Appointment_Scheduling_Application.WebAPI) in 203.2303ms
2023-10-13 08:41:10.515 +05:30 [INF] Executed endpoint 'Appointment_Scheduling_Application.WebAPI.Controllers.AppointmentController.GetByEmail (Appointment_Scheduling_Application.WebAPI)'
2023-10-13 08:41:10.517 +05:30 [INF] Request finished HTTP/1.1 GET http://localhost:54855/api/Appointment/GetByEmail?UserId=1 - - - 200 - application/json;+charset=utf-8 429.9166ms
2023-10-13 11:47:49.594 +05:30 [INF] Request starting HTTP/1.1 GET http://localhost:54855/_vs/browserLink - -
2023-10-13 11:47:49.708 +05:30 [INF] Request finished HTTP/1.1 GET http://localhost:54855/_vs/browserLink - - - 200 - text/javascript;+charset=UTF-8 116.7648ms
2023-10-13 11:47:49.883 +05:30 [INF] Request starting HTTP/1.1 GET http://localhost:54855/swagger/v1/swagger.json - -
2023-10-13 11:47:49.939 +05:30 [INF] Request finished HTTP/1.1 GET http://localhost:54855/swagger/v1/swagger.json - - - 200 - application/json;charset=utf-8 55.3930ms
2023-10-13 11:59:02.521 +05:30 [INF] User profile is available. Using 'C:\Users\naveen.devendran\AppData\Local\ASP.NET\DataProtection-Keys' as key repository and Windows DPAPI to encrypt keys at rest.
2023-10-13 11:59:02.666 +05:30 [INF] Application started. Press Ctrl+C to shut down.
2023-10-13 11:59:02.669 +05:30 [INF] Hosting environment: Development
2023-10-13 11:59:02.669 +05:30 [INF] Content root path: D:\Assessment-Project\Appointment-Scheduling-App\Appointment_Scheduling_Application\Appointment_Scheduling_Application\
2023-10-13 11:59:02.694 +05:30 [INF] Request starting HTTP/1.1 GET http://localhost:54855/swagger/index.html - -
2023-10-13 11:59:03.137 +05:30 [INF] Request starting HTTP/1.1 GET http://localhost:54855/_vs/browserLink - -
2023-10-13 11:59:03.150 +05:30 [WRN] Unable to configure browser refresh script injection on the response. Consider manually adding '<script src="/_framework/aspnetcore-browser-refresh.js"></script>' to the body of the page.
2023-10-13 11:59:03.156 +05:30 [INF] Request finished HTTP/1.1 GET http://localhost:54855/swagger/index.html - - - 200 - text/html;charset=utf-8 466.1524ms
2023-10-13 11:59:03.199 +05:30 [INF] Request finished HTTP/1.1 GET http://localhost:54855/_vs/browserLink - - - 200 - text/javascript;+charset=UTF-8 61.5773ms
2023-10-13 11:59:03.278 +05:30 [INF] Request starting HTTP/1.1 GET http://localhost:54855/swagger/v1/swagger.json - -
2023-10-13 11:59:03.461 +05:30 [INF] Request finished HTTP/1.1 GET http://localhost:54855/swagger/v1/swagger.json - - - 200 - application/json;charset=utf-8 183.4641ms
2023-10-13 12:16:43.887 +05:30 [INF] Request starting HTTP/1.1 GET http://localhost:54855/_vs/browserLink - -
2023-10-13 12:16:43.948 +05:30 [INF] Request finished HTTP/1.1 GET http://localhost:54855/_vs/browserLink - - - 200 - text/javascript;+charset=UTF-8 61.5955ms
2023-10-13 12:16:44.087 +05:30 [INF] Request starting HTTP/1.1 GET http://localhost:54855/swagger/v1/swagger.json - -
2023-10-13 12:16:44.123 +05:30 [INF] Request finished HTTP/1.1 GET http://localhost:54855/swagger/v1/swagger.json - - - 200 - application/json;charset=utf-8 35.4479ms
2023-10-13 12:20:43.189 +05:30 [INF] Request starting HTTP/1.1 GET http://localhost:54855/api/Auth/EmailVerification?Email=ndeva6798%40gmailc.com - -
2023-10-13 12:20:43.259 +05:30 [INF] Authorization failed. These requirements were not met:
DenyAnonymousAuthorizationRequirement: Requires an authenticated user.
2023-10-13 12:20:43.267 +05:30 [INF] AuthenticationScheme: Bearer was challenged.
2023-10-13 12:20:43.270 +05:30 [INF] Request finished HTTP/1.1 GET http://localhost:54855/api/Auth/EmailVerification?Email=ndeva6798%40gmailc.com - - - 401 - - 81.4312ms
2023-10-13 12:24:08.763 +05:30 [INF] Request starting HTTP/1.1 POST http://localhost:54855/api/Auth/confirmMail?email=ndeva6798%40gmail.com&token=adfsafadfasf - 0
2023-10-13 12:24:08.768 +05:30 [INF] CORS policy execution failed.
2023-10-13 12:24:08.768 +05:30 [INF] Request origin http://localhost:54855 does not have permission to access the resource.
2023-10-13 12:24:08.773 +05:30 [INF] Authorization failed. These requirements were not met:
DenyAnonymousAuthorizationRequirement: Requires an authenticated user.
2023-10-13 12:24:08.773 +05:30 [INF] AuthenticationScheme: Bearer was challenged.
2023-10-13 12:24:08.774 +05:30 [INF] Request finished HTTP/1.1 POST http://localhost:54855/api/Auth/confirmMail?email=ndeva6798%40gmail.com&token=adfsafadfasf - 0 - 401 - - 10.8042ms
2023-10-13 12:27:25.441 +05:30 [INF] User profile is available. Using 'C:\Users\naveen.devendran\AppData\Local\ASP.NET\DataProtection-Keys' as key repository and Windows DPAPI to encrypt keys at rest.
2023-10-13 12:27:25.558 +05:30 [INF] Application started. Press Ctrl+C to shut down.
2023-10-13 12:27:25.560 +05:30 [INF] Hosting environment: Development
2023-10-13 12:27:25.560 +05:30 [INF] Content root path: D:\Assessment-Project\Appointment-Scheduling-App\Appointment_Scheduling_Application\Appointment_Scheduling_Application\
2023-10-13 12:27:25.576 +05:30 [INF] Request starting HTTP/1.1 GET http://localhost:54855/swagger/index.html - -
2023-10-13 12:27:25.801 +05:30 [INF] Request starting HTTP/1.1 GET http://localhost:54855/_vs/browserLink - -
2023-10-13 12:27:25.809 +05:30 [WRN] Unable to configure browser refresh script injection on the response. Consider manually adding '<script src="/_framework/aspnetcore-browser-refresh.js"></script>' to the body of the page.
2023-10-13 12:27:25.817 +05:30 [INF] Request finished HTTP/1.1 GET http://localhost:54855/swagger/index.html - - - 200 - text/html;charset=utf-8 243.0754ms
2023-10-13 12:27:25.836 +05:30 [INF] Request finished HTTP/1.1 GET http://localhost:54855/_vs/browserLink - - - 200 - text/javascript;+charset=UTF-8 35.4775ms
2023-10-13 12:27:25.927 +05:30 [INF] Request starting HTTP/1.1 GET http://localhost:54855/swagger/v1/swagger.json - -
2023-10-13 12:27:26.027 +05:30 [INF] Request finished HTTP/1.1 GET http://localhost:54855/swagger/v1/swagger.json - - - 200 - application/json;charset=utf-8 100.6389ms
2023-10-13 12:27:42.577 +05:30 [INF] Request starting HTTP/1.1 GET http://localhost:54855/api/Auth/EmailVerification/ndeva6798@gmail.com - -
2023-10-13 12:27:42.610 +05:30 [INF] Authorization failed. These requirements were not met:
DenyAnonymousAuthorizationRequirement: Requires an authenticated user.
2023-10-13 12:27:42.613 +05:30 [INF] AuthenticationScheme: Bearer was challenged.
2023-10-13 12:27:42.614 +05:30 [INF] Request finished HTTP/1.1 GET http://localhost:54855/api/Auth/EmailVerification/ndeva6798@gmail.com - - - 401 - - 37.5015ms
2023-10-13 19:28:24.813 +05:30 [INF] User profile is available. Using 'C:\Users\naveen.devendran\AppData\Local\ASP.NET\DataProtection-Keys' as key repository and Windows DPAPI to encrypt keys at rest.
2023-10-13 19:28:24.987 +05:30 [INF] Application started. Press Ctrl+C to shut down.
2023-10-13 19:28:24.993 +05:30 [INF] Hosting environment: Development
2023-10-13 19:28:24.993 +05:30 [INF] Content root path: D:\Assessment-Project\Appointment-Scheduling-App\Appointment_Scheduling_Application\Appointment_Scheduling_Application\
2023-10-13 19:28:25.036 +05:30 [INF] Request starting HTTP/1.1 GET http://localhost:54855/swagger/index.html - -
2023-10-13 19:28:25.592 +05:30 [WRN] Unable to configure browser refresh script injection on the response. Consider manually adding '<script src="/_framework/aspnetcore-browser-refresh.js"></script>' to the body of the page.
2023-10-13 19:28:25.598 +05:30 [INF] Request starting HTTP/1.1 GET http://localhost:54855/_vs/browserLink - -
2023-10-13 19:28:25.603 +05:30 [INF] Request finished HTTP/1.1 GET http://localhost:54855/swagger/index.html - - - 200 - text/html;charset=utf-8 576.2291ms
2023-10-13 19:28:25.656 +05:30 [INF] Request finished HTTP/1.1 GET http://localhost:54855/_vs/browserLink - - - 200 - text/javascript;+charset=UTF-8 57.7480ms
2023-10-13 19:28:25.871 +05:30 [INF] Request starting HTTP/1.1 GET http://localhost:54855/swagger/v1/swagger.json - -
2023-10-13 19:28:26.102 +05:30 [INF] Request finished HTTP/1.1 GET http://localhost:54855/swagger/v1/swagger.json - - - 200 - application/json;charset=utf-8 230.8741ms
2023-10-13 19:28:42.460 +05:30 [INF] Request starting HTTP/1.1 POST http://localhost:54855/api/Auth/GetToken application/json 38
2023-10-13 19:28:42.468 +05:30 [INF] CORS policy execution failed.
2023-10-13 19:28:42.469 +05:30 [INF] Request origin http://localhost:54855 does not have permission to access the resource.
2023-10-13 19:28:42.481 +05:30 [INF] Executing endpoint 'Appointment_Scheduling_Application.WebAPI.Auth.AuthController.GetToken (Appointment_Scheduling_Application.WebAPI)'
2023-10-13 19:28:42.596 +05:30 [INF] Route matched with {action = "GetToken", controller = "Auth"}. Executing controller action with signature System.Threading.Tasks.Task`1[Microsoft.AspNetCore.Mvc.IActionResult] GetToken(Appointment_Scheduling_Application.DTO.DTOs.EmailIdField) on controller Appointment_Scheduling_Application.WebAPI.Auth.AuthController (Appointment_Scheduling_Application.WebAPI).
2023-10-13 19:28:48.308 +05:30 [INF] Executing OkObjectResult, writing value of type 'System.String'.
2023-10-13 19:28:48.326 +05:30 [INF] Executed action Appointment_Scheduling_Application.WebAPI.Auth.AuthController.GetToken (Appointment_Scheduling_Application.WebAPI) in 5718.0797ms
2023-10-13 19:28:48.329 +05:30 [INF] Executed endpoint 'Appointment_Scheduling_Application.WebAPI.Auth.AuthController.GetToken (Appointment_Scheduling_Application.WebAPI)'
2023-10-13 19:28:48.340 +05:30 [INF] Request finished HTTP/1.1 POST http://localhost:54855/api/Auth/GetToken application/json 38 - 200 - text/plain;+charset=utf-8 5883.0036ms
2023-10-13 19:29:06.619 +05:30 [INF] Request starting HTTP/1.1 GET http://localhost:54855/api/Appointment/GetByEmail?UserId=1 - -
2023-10-13 19:29:06.870 +05:30 [INF] Executing endpoint 'Appointment_Scheduling_Application.WebAPI.Controllers.AppointmentController.GetByEmail (Appointment_Scheduling_Application.WebAPI)'
2023-10-13 19:29:06.879 +05:30 [INF] Route matched with {action = "GetByEmail", controller = "Appointment"}. Executing controller action with signature System.Threading.Tasks.Task`1[Microsoft.AspNetCore.Mvc.ActionResult`1[System.Collections.Generic.List`1[Appointment_Scheduling_Application.Entitie.Model.AppointmentModel]]] GetByEmail(Int32) on controller Appointment_Scheduling_Application.WebAPI.Controllers.AppointmentController (Appointment_Scheduling_Application.WebAPI).
2023-10-13 19:29:07.210 +05:30 [INF] Executing OkObjectResult, writing value of type 'System.Collections.Generic.List`1[[Appointment_Scheduling_Application.Entitie.Model.AppointmentModel, Appointment_Scheduling_Application.Entitie, Version=1.0.0.0, Culture=neutral, PublicKeyToken=null]]'.
2023-10-13 19:29:07.229 +05:30 [INF] Executed action Appointment_Scheduling_Application.WebAPI.Controllers.AppointmentController.GetByEmail (Appointment_Scheduling_Application.WebAPI) in 349.7854ms
2023-10-13 19:29:07.230 +05:30 [INF] Executed endpoint 'Appointment_Scheduling_Application.WebAPI.Controllers.AppointmentController.GetByEmail (Appointment_Scheduling_Application.WebAPI)'
2023-10-13 19:29:07.233 +05:30 [INF] Request finished HTTP/1.1 GET http://localhost:54855/api/Appointment/GetByEmail?UserId=1 - - - 200 - application/json;+charset=utf-8 614.3426ms
2023-10-13 19:29:16.627 +05:30 [INF] Request starting HTTP/1.1 GET http://localhost:54855/api/User/GetAllUser - -
2023-10-13 19:29:16.630 +05:30 [INF] Executing endpoint 'Appointment_Scheduling_Application.WebAPI.Controllers.UserController.GetAllUser (Appointment_Scheduling_Application.WebAPI)'
2023-10-13 19:29:16.635 +05:30 [INF] Route matched with {action = "GetAllUser", controller = "User"}. Executing controller action with signature System.Threading.Tasks.Task`1[Microsoft.AspNetCore.Mvc.ActionResult] GetAllUser() on controller Appointment_Scheduling_Application.WebAPI.Controllers.UserController (Appointment_Scheduling_Application.WebAPI).
2023-10-13 19:29:16.845 +05:30 [INF] Executing OkObjectResult, writing value of type 'System.Collections.Generic.List`1[[Appointment_Scheduling_Application.DTOs.DTOs.UserViewModel, Appointment_Scheduling_Application.DTO, Version=1.0.0.0, Culture=neutral, PublicKeyToken=null]]'.
2023-10-13 19:29:16.853 +05:30 [INF] Executed action Appointment_Scheduling_Application.WebAPI.Controllers.UserController.GetAllUser (Appointment_Scheduling_Application.WebAPI) in 217.4613ms
2023-10-13 19:29:16.853 +05:30 [INF] Executed endpoint 'Appointment_Scheduling_Application.WebAPI.Controllers.UserController.GetAllUser (Appointment_Scheduling_Application.WebAPI)'
2023-10-13 19:29:16.855 +05:30 [INF] Request finished HTTP/1.1 GET http://localhost:54855/api/User/GetAllUser - - - 200 - application/json;+charset=utf-8 227.9276ms
2023-10-13 19:32:03.341 +05:30 [INF] Request starting HTTP/1.1 GET http://localhost:54855/swagger/index.html - -
2023-10-13 19:32:03.359 +05:30 [WRN] Unable to configure browser refresh script injection on the response. Consider manually adding '<script src="/_framework/aspnetcore-browser-refresh.js"></script>' to the body of the page.
2023-10-13 19:32:03.360 +05:30 [INF] Request finished HTTP/1.1 GET http://localhost:54855/swagger/index.html - - - 200 - text/html;charset=utf-8 18.4103ms
2023-10-13 19:32:03.387 +05:30 [INF] Request starting HTTP/1.1 GET http://localhost:54855/_vs/browserLink - -
2023-10-13 19:32:03.473 +05:30 [INF] Request finished HTTP/1.1 GET http://localhost:54855/_vs/browserLink - - - 200 - text/javascript;+charset=UTF-8 85.8528ms
2023-10-13 19:32:03.978 +05:30 [INF] Request starting HTTP/1.1 GET http://localhost:54855/swagger/v1/swagger.json - -
2023-10-13 19:32:04.013 +05:30 [INF] Request finished HTTP/1.1 GET http://localhost:54855/swagger/v1/swagger.json - - - 200 - application/json;charset=utf-8 35.6033ms
2023-10-13 19:32:57.912 +05:30 [INF] Request starting HTTP/1.1 GET http://localhost:54855/api/Appointment/GetByEmail?UserId=1 - -
2023-10-13 19:32:57.939 +05:30 [INF] Authorization failed. These requirements were not met:
DenyAnonymousAuthorizationRequirement: Requires an authenticated user.
2023-10-13 19:32:57.950 +05:30 [INF] AuthenticationScheme: Bearer was challenged.
2023-10-13 19:32:57.954 +05:30 [INF] Request finished HTTP/1.1 GET http://localhost:54855/api/Appointment/GetByEmail?UserId=1 - - - 401 - - 41.8939ms
2023-10-13 19:33:15.092 +05:30 [INF] Request starting HTTP/1.1 POST http://localhost:54855/api/Auth/GetToken application/json 38
2023-10-13 19:33:15.098 +05:30 [INF] CORS policy execution failed.
2023-10-13 19:33:15.098 +05:30 [INF] Request origin http://localhost:54855 does not have permission to access the resource.
2023-10-13 19:33:15.098 +05:30 [INF] Executing endpoint 'Appointment_Scheduling_Application.WebAPI.Auth.AuthController.GetToken (Appointment_Scheduling_Application.WebAPI)'
2023-10-13 19:33:15.098 +05:30 [INF] Route matched with {action = "GetToken", controller = "Auth"}. Executing controller action with signature System.Threading.Tasks.Task`1[Microsoft.AspNetCore.Mvc.IActionResult] GetToken(Appointment_Scheduling_Application.DTO.DTOs.EmailIdField) on controller Appointment_Scheduling_Application.WebAPI.Auth.AuthController (Appointment_Scheduling_Application.WebAPI).
2023-10-13 19:33:15.123 +05:30 [INF] Executing OkObjectResult, writing value of type 'System.String'.
2023-10-13 19:33:15.124 +05:30 [INF] Executed action Appointment_Scheduling_Application.WebAPI.Auth.AuthController.GetToken (Appointment_Scheduling_Application.WebAPI) in 25.9366ms
2023-10-13 19:33:15.125 +05:30 [INF] Executed endpoint 'Appointment_Scheduling_Application.WebAPI.Auth.AuthController.GetToken (Appointment_Scheduling_Application.WebAPI)'
2023-10-13 19:33:15.125 +05:30 [INF] Request finished HTTP/1.1 POST http://localhost:54855/api/Auth/GetToken application/json 38 - 200 - text/plain;+charset=utf-8 32.6372ms
2023-10-13 19:33:27.052 +05:30 [INF] Request starting HTTP/1.1 GET http://localhost:54855/api/Appointment/GetByEmail?UserId=1 - -
2023-10-13 19:33:27.053 +05:30 [INF] Executing endpoint 'Appointment_Scheduling_Application.WebAPI.Controllers.AppointmentController.GetByEmail (Appointment_Scheduling_Application.WebAPI)'
2023-10-13 19:33:27.054 +05:30 [INF] Route matched with {action = "GetByEmail", controller = "Appointment"}. Executing controller action with signature System.Threading.Tasks.Task`1[Microsoft.AspNetCore.Mvc.ActionResult`1[System.Collections.Generic.List`1[Appointment_Scheduling_Application.Entitie.Model.AppointmentModel]]] GetByEmail(Int32) on controller Appointment_Scheduling_Application.WebAPI.Controllers.AppointmentController (Appointment_Scheduling_Application.WebAPI).
2023-10-13 19:33:27.061 +05:30 [INF] Executing OkObjectResult, writing value of type 'System.Collections.Generic.List`1[[Appointment_Scheduling_Application.Entitie.Model.AppointmentModel, Appointment_Scheduling_Application.Entitie, Version=1.0.0.0, Culture=neutral, PublicKeyToken=null]]'.
2023-10-13 19:33:27.062 +05:30 [INF] Executed action Appointment_Scheduling_Application.WebAPI.Controllers.AppointmentController.GetByEmail (Appointment_Scheduling_Application.WebAPI) in 8.5103ms
2023-10-13 19:33:27.063 +05:30 [INF] Executed endpoint 'Appointment_Scheduling_Application.WebAPI.Controllers.AppointmentController.GetByEmail (Appointment_Scheduling_Application.WebAPI)'
2023-10-13 19:33:27.063 +05:30 [INF] Request finished HTTP/1.1 GET http://localhost:54855/api/Appointment/GetByEmail?UserId=1 - - - 200 - application/json;+charset=utf-8 11.0453ms
2023-10-13 19:44:57.731 +05:30 [INF] User profile is available. Using 'C:\Users\naveen.devendran\AppData\Local\ASP.NET\DataProtection-Keys' as key repository and Windows DPAPI to encrypt keys at rest.
2023-10-13 19:44:57.929 +05:30 [INF] Application started. Press Ctrl+C to shut down.
2023-10-13 19:44:57.932 +05:30 [INF] Hosting environment: Development
2023-10-13 19:44:57.932 +05:30 [INF] Content root path: D:\Assessment-Project\Appointment-Scheduling-App\Appointment_Scheduling_Application\Appointment_Scheduling_Application\
2023-10-13 19:44:57.952 +05:30 [INF] Request starting HTTP/1.1 GET http://localhost:54855/swagger/index.html - -
2023-10-13 19:44:58.832 +05:30 [WRN] Unable to configure browser refresh script injection on the response. Consider manually adding '<script src="/_framework/aspnetcore-browser-refresh.js"></script>' to the body of the page.
2023-10-13 19:44:58.839 +05:30 [INF] Request finished HTTP/1.1 GET http://localhost:54855/swagger/index.html - - - 200 - text/html;charset=utf-8 890.9496ms
2023-10-13 19:44:58.839 +05:30 [INF] Request starting HTTP/1.1 GET http://localhost:54855/_vs/browserLink - -
2023-10-13 19:44:58.954 +05:30 [INF] Request finished HTTP/1.1 GET http://localhost:54855/_vs/browserLink - - - 200 - text/javascript;+charset=UTF-8 114.9306ms
2023-10-13 19:44:59.194 +05:30 [INF] Request starting HTTP/1.1 GET http://localhost:54855/swagger/v1/swagger.json - -
2023-10-13 19:44:59.376 +05:30 [INF] Request finished HTTP/1.1 GET http://localhost:54855/swagger/v1/swagger.json - - - 200 - application/json;charset=utf-8 182.5781ms
2023-10-13 19:46:56.003 +05:30 [INF] Request starting HTTP/1.1 GET http://localhost:54855/swagger/index.html - -
2023-10-13 19:46:56.025 +05:30 [WRN] Unable to configure browser refresh script injection on the response. Consider manually adding '<script src="/_framework/aspnetcore-browser-refresh.js"></script>' to the body of the page.
2023-10-13 19:46:56.026 +05:30 [INF] Request finished HTTP/1.1 GET http://localhost:54855/swagger/index.html - - - 200 - text/html;charset=utf-8 23.5403ms
2023-10-13 19:46:56.064 +05:30 [INF] Request starting HTTP/1.1 GET http://localhost:54855/_vs/browserLink - -
2023-10-13 19:46:56.152 +05:30 [INF] Request finished HTTP/1.1 GET http://localhost:54855/_vs/browserLink - - - 200 - text/javascript;+charset=UTF-8 87.8688ms
2023-10-13 19:46:56.273 +05:30 [INF] Request starting HTTP/1.1 GET http://localhost:54855/swagger/v1/swagger.json - -
2023-10-13 19:46:56.311 +05:30 [INF] Request finished HTTP/1.1 GET http://localhost:54855/swagger/v1/swagger.json - - - 200 - application/json;charset=utf-8 37.8270ms
2023-10-13 19:52:02.230 +05:30 [INF] User profile is available. Using 'C:\Users\naveen.devendran\AppData\Local\ASP.NET\DataProtection-Keys' as key repository and Windows DPAPI to encrypt keys at rest.
2023-10-13 19:52:02.424 +05:30 [INF] Application started. Press Ctrl+C to shut down.
2023-10-13 19:52:02.430 +05:30 [INF] Hosting environment: Development
2023-10-13 19:52:02.430 +05:30 [INF] Content root path: D:\Assessment-Project\Appointment-Scheduling-App\Appointment_Scheduling_Application\Appointment_Scheduling_Application\
2023-10-13 19:52:02.469 +05:30 [INF] Request starting HTTP/1.1 GET http://localhost:54855/swagger/index.html - -
2023-10-13 19:52:02.950 +05:30 [WRN] Unable to configure browser refresh script injection on the response. Consider manually adding '<script src="/_framework/aspnetcore-browser-refresh.js"></script>' to the body of the page.
2023-10-13 19:52:02.955 +05:30 [INF] Request finished HTTP/1.1 GET http://localhost:54855/swagger/index.html - - - 200 - text/html;charset=utf-8 493.9281ms
2023-10-13 19:52:02.967 +05:30 [INF] Request starting HTTP/1.1 GET http://localhost:54855/_vs/browserLink - -
2023-10-13 19:52:03.016 +05:30 [INF] Request finished HTTP/1.1 GET http://localhost:54855/_vs/browserLink - - - 200 - text/javascript;+charset=UTF-8 49.8359ms
2023-10-13 19:52:03.217 +05:30 [INF] Request starting HTTP/1.1 GET http://localhost:54855/swagger/v1/swagger.json - -
2023-10-13 19:52:03.415 +05:30 [INF] Request finished HTTP/1.1 GET http://localhost:54855/swagger/v1/swagger.json - - - 200 - application/json;charset=utf-8 198.2358ms
2023-10-13 19:57:56.756 +05:30 [INF] User profile is available. Using 'C:\Users\naveen.devendran\AppData\Local\ASP.NET\DataProtection-Keys' as key repository and Windows DPAPI to encrypt keys at rest.
2023-10-13 19:57:56.982 +05:30 [INF] Application started. Press Ctrl+C to shut down.
2023-10-13 19:57:56.986 +05:30 [INF] Hosting environment: Development
2023-10-13 19:57:56.986 +05:30 [INF] Content root path: D:\Assessment-Project\Appointment-Scheduling-App\Appointment_Scheduling_Application\Appointment_Scheduling_Application\
2023-10-13 19:57:57.015 +05:30 [INF] Request starting HTTP/1.1 GET http://localhost:54855/swagger/index.html - -
2023-10-13 19:57:57.522 +05:30 [WRN] Unable to configure browser refresh script injection on the response. Consider manually adding '<script src="/_framework/aspnetcore-browser-refresh.js"></script>' to the body of the page.
2023-10-13 19:57:57.528 +05:30 [INF] Request finished HTTP/1.1 GET http://localhost:54855/swagger/index.html - - - 200 - text/html;charset=utf-8 521.3108ms
2023-10-13 19:57:57.537 +05:30 [INF] Request starting HTTP/1.1 GET http://localhost:54855/_vs/browserLink - -
2023-10-13 19:57:57.583 +05:30 [INF] Request finished HTTP/1.1 GET http://localhost:54855/_vs/browserLink - - - 200 - text/javascript;+charset=UTF-8 45.8219ms
2023-10-13 19:57:57.812 +05:30 [INF] Request starting HTTP/1.1 GET http://localhost:54855/swagger/v1/swagger.json - -
2023-10-13 19:57:58.012 +05:30 [INF] Request finished HTTP/1.1 GET http://localhost:54855/swagger/v1/swagger.json - - - 200 - application/json;charset=utf-8 199.3738ms
